TN:
SF:app.js
FN:14,(anonymous_0)
FNF:1
FNH:1
FNDA:3,(anonymous_0)
DA:2,1
DA:3,1
DA:4,1
DA:5,1
DA:6,1
DA:7,1
DA:8,1
DA:14,1
DA:15,3
DA:18,1
DA:41,1
DA:42,1
DA:52,1
LF:13
LH:13
BRF:0
BRH:0
end_of_record
TN:
SF:config\socketHandler.js
FN:1,(anonymous_0)
FN:8,(anonymous_1)
FN:12,(anonymous_2)
FN:16,(anonymous_3)
FN:21,(anonymous_4)
FNF:5
FNH:5
FNDA:3,(anonymous_0)
FNDA:2,(anonymous_1)
FNDA:1,(anonymous_2)
FNDA:1,(anonymous_3)
FNDA:3,(anonymous_4)
DA:1,1
DA:8,3
DA:9,2
DA:10,2
DA:12,3
DA:13,1
DA:14,1
DA:16,3
DA:17,1
DA:18,1
DA:19,1
DA:21,3
DA:22,3
DA:25,3
DA:26,3
DA:27,3
DA:28,3
LF:17
LH:17
BRF:0
BRH:0
end_of_record
