{"C:\\Users\\user\\Desktop\\Hacktiv8\\Phase3\\W3\\Kitchef\\kitchef-server\\services\\app\\app.js": {"path":"C:\\Users\\user\\Desktop\\Hacktiv8\\Phase3\\W3\\Kitchef\\kitchef-server\\services\\app\\app.js","statementMap":{"0":{"start":{"line":1,"column":16},"end":{"line":1,"column":34}},"1":{"start":{"line":2,"column":13},"end":{"line":2,"column":28}},"2":{"start":{"line":4,"column":12},"end":{"line":4,"column":21}},"3":{"start":{"line":5,"column":15},"end":{"line":5,"column":40}},"4":{"start":{"line":7,"column":0},"end":{"line":7,"column":16}},"5":{"start":{"line":9,"column":0},"end":{"line":9,"column":48}},"6":{"start":{"line":11,"column":0},"end":{"line":11,"column":24}},"7":{"start":{"line":13,"column":0},"end":{"line":13,"column":21}},"8":{"start":{"line":15,"column":0},"end":{"line":15,"column":21}}},"fnMap":{},"branchMap":{},"s":{"0":1,"1":1,"2":1,"3":1,"4":1,"5":1,"6":1,"7":1,"8":1},"f":{},"b":{},"_coverageSchema":"1a1c01bbd47fc00a2c39e90264f33305004495a9","hash":"d888ead28960e5b98bbdf88a410e78fb32340995"}
,"C:\\Users\\user\\Desktop\\Hacktiv8\\Phase3\\W3\\Kitchef\\kitchef-server\\services\\app\\controllers\\categoryController.js": {"path":"C:\\Users\\user\\Desktop\\Hacktiv8\\Phase3\\W3\\Kitchef\\kitchef-server\\services\\app\\controllers\\categoryController.js","statementMap":{"0":{"start":{"line":1,"column":43},"end":{"line":1,"column":69}},"1":{"start":{"line":5,"column":4},"end":{"line":8,"column":22}},"2":{"start":{"line":6,"column":19},"end":{"line":6,"column":43}},"3":{"start":{"line":7,"column":6},"end":{"line":7,"column":33}},"4":{"start":{"line":12,"column":0},"end":{"line":12,"column":28}}},"fnMap":{"0":{"name":"(anonymous_0)","decl":{"start":{"line":4,"column":2},"end":{"line":4,"column":3}},"loc":{"start":{"line":4,"column":43},"end":{"line":9,"column":3}},"line":4}},"branchMap":{},"s":{"0":1,"1":1,"2":1,"3":1,"4":1},"f":{"0":1},"b":{},"_coverageSchema":"1a1c01bbd47fc00a2c39e90264f33305004495a9","hash":"5d680fff97a622c8485a181ae98f8fd427ad0ebc"}
,"C:\\Users\\user\\Desktop\\Hacktiv8\\Phase3\\W3\\Kitchef\\kitchef-server\\services\\app\\controllers\\dishController.js": {"path":"C:\\Users\\user\\Desktop\\Hacktiv8\\Phase3\\W3\\Kitchef\\kitchef-server\\services\\app\\controllers\\dishController.js","statementMap":{"0":{"start":{"line":1,"column":49},"end":{"line":1,"column":75}},"1":{"start":{"line":4,"column":4},"end":{"line":24,"column":5}},"2":{"start":{"line":5,"column":20},"end":{"line":5,"column":41}},"3":{"start":{"line":6,"column":29},"end":{"line":6,"column":38}},"4":{"start":{"line":8,"column":6},"end":{"line":15,"column":7}},"5":{"start":{"line":9,"column":8},"end":{"line":14,"column":10}},"6":{"start":{"line":17,"column":19},"end":{"line":17,"column":46}},"7":{"start":{"line":19,"column":6},"end":{"line":19,"column":92}},"8":{"start":{"line":19,"column":29},"end":{"line":19,"column":92}},"9":{"start":{"line":21,"column":6},"end":{"line":21,"column":33}},"10":{"start":{"line":23,"column":6},"end":{"line":23,"column":18}},"11":{"start":{"line":28,"column":19},"end":{"line":28,"column":29}},"12":{"start":{"line":29,"column":4},"end":{"line":37,"column":5}},"13":{"start":{"line":30,"column":19},"end":{"line":30,"column":66}},"14":{"start":{"line":32,"column":6},"end":{"line":32,"column":68}},"15":{"start":{"line":32,"column":17},"end":{"line":32,"column":68}},"16":{"start":{"line":34,"column":6},"end":{"line":34,"column":33}},"17":{"start":{"line":36,"column":6},"end":{"line":36,"column":18}},"18":{"start":{"line":41,"column":0},"end":{"line":41,"column":28}}},"fnMap":{"0":{"name":"(anonymous_0)","decl":{"start":{"line":3,"column":2},"end":{"line":3,"column":3}},"loc":{"start":{"line":3,"column":39},"end":{"line":25,"column":3}},"line":3},"1":{"name":"(anonymous_1)","decl":{"start":{"line":27,"column":2},"end":{"line":27,"column":3}},"loc":{"start":{"line":27,"column":45},"end":{"line":38,"column":3}},"line":27}},"branchMap":{"0":{"loc":{"start":{"line":8,"column":6},"end":{"line":15,"column":7}},"type":"if","locations":[{"start":{"line":8,"column":6},"end":{"line":15,"column":7}},{"start":{},"end":{}}],"line":8},"1":{"loc":{"start":{"line":19,"column":6},"end":{"line":19,"column":92}},"type":"if","locations":[{"start":{"line":19,"column":6},"end":{"line":19,"column":92}},{"start":{},"end":{}}],"line":19},"2":{"loc":{"start":{"line":32,"column":6},"end":{"line":32,"column":68}},"type":"if","locations":[{"start":{"line":32,"column":6},"end":{"line":32,"column":68}},{"start":{},"end":{}}],"line":32}},"s":{"0":1,"1":2,"2":2,"3":2,"4":2,"5":2,"6":2,"7":2,"8":1,"9":1,"10":1,"11":3,"12":3,"13":3,"14":3,"15":2,"16":1,"17":2,"18":1},"f":{"0":2,"1":3},"b":{"0":[2,0],"1":[1,1],"2":[2,1]},"_coverageSchema":"1a1c01bbd47fc00a2c39e90264f33305004495a9","hash":"1c45918df2b6ec47666655aac773a1222d87634b"}
,"C:\\Users\\user\\Desktop\\Hacktiv8\\Phase3\\W3\\Kitchef\\kitchef-server\\services\\app\\controllers\\productController.js": {"path":"C:\\Users\\user\\Desktop\\Hacktiv8\\Phase3\\W3\\Kitchef\\kitchef-server\\services\\app\\controllers\\productController.js","statementMap":{"0":{"start":{"line":1,"column":20},"end":{"line":1,"column":46}},"1":{"start":{"line":4,"column":17},"end":{"line":4,"column":40}},"2":{"start":{"line":5,"column":4},"end":{"line":5,"column":31}},"3":{"start":{"line":6,"column":4},"end":{"line":7,"column":22}},"4":{"start":{"line":10,"column":19},"end":{"line":10,"column":29}},"5":{"start":{"line":11,"column":22},"end":{"line":11,"column":30}},"6":{"start":{"line":13,"column":4},"end":{"line":25,"column":5}},"7":{"start":{"line":14,"column":19},"end":{"line":14,"column":45}},"8":{"start":{"line":16,"column":6},"end":{"line":16,"column":68}},"9":{"start":{"line":16,"column":17},"end":{"line":16,"column":68}},"10":{"start":{"line":18,"column":20},"end":{"line":18,"column":38}},"11":{"start":{"line":20,"column":6},"end":{"line":20,"column":57}},"12":{"start":{"line":22,"column":6},"end":{"line":22,"column":49}},"13":{"start":{"line":24,"column":6},"end":{"line":24,"column":18}},"14":{"start":{"line":29,"column":0},"end":{"line":29,"column":28}}},"fnMap":{"0":{"name":"(anonymous_0)","decl":{"start":{"line":3,"column":2},"end":{"line":3,"column":3}},"loc":{"start":{"line":3,"column":42},"end":{"line":8,"column":3}},"line":3},"1":{"name":"(anonymous_1)","decl":{"start":{"line":9,"column":2},"end":{"line":9,"column":3}},"loc":{"start":{"line":9,"column":41},"end":{"line":26,"column":3}},"line":9}},"branchMap":{"0":{"loc":{"start":{"line":16,"column":6},"end":{"line":16,"column":68}},"type":"if","locations":[{"start":{"line":16,"column":6},"end":{"line":16,"column":68}},{"start":{},"end":{}}],"line":16}},"s":{"0":1,"1":1,"2":1,"3":1,"4":2,"5":2,"6":2,"7":2,"8":2,"9":1,"10":1,"11":1,"12":1,"13":1,"14":1},"f":{"0":1,"1":2},"b":{"0":[1,1]},"_coverageSchema":"1a1c01bbd47fc00a2c39e90264f33305004495a9","hash":"c290553feaf9670c451b42db3412e079ed473653"}
,"C:\\Users\\user\\Desktop\\Hacktiv8\\Phase3\\W3\\Kitchef\\kitchef-server\\services\\app\\middlewares\\error.js": {"path":"C:\\Users\\user\\Desktop\\Hacktiv8\\Phase3\\W3\\Kitchef\\kitchef-server\\services\\app\\middlewares\\error.js","statementMap":{"0":{"start":{"line":3,"column":13},"end":{"line":3,"column":23}},"1":{"start":{"line":6,"column":2},"end":{"line":12,"column":3}},"2":{"start":{"line":8,"column":6},"end":{"line":8,"column":17}},"3":{"start":{"line":9,"column":6},"end":{"line":9,"column":65}},"4":{"start":{"line":10,"column":6},"end":{"line":10,"column":12}},"5":{"start":{"line":13,"column":2},"end":{"line":13,"column":37}},"6":{"start":{"line":16,"column":0},"end":{"line":16,"column":24}}},"fnMap":{"0":{"name":"errors","decl":{"start":{"line":1,"column":15},"end":{"line":1,"column":21}},"loc":{"start":{"line":1,"column":45},"end":{"line":14,"column":1}},"line":1}},"branchMap":{"0":{"loc":{"start":{"line":6,"column":2},"end":{"line":12,"column":3}},"type":"switch","locations":[{"start":{"line":7,"column":4},"end":{"line":10,"column":12}}],"line":6}},"s":{"0":4,"1":4,"2":4,"3":4,"4":4,"5":4,"6":1},"f":{"0":4},"b":{"0":[4]},"_coverageSchema":"1a1c01bbd47fc00a2c39e90264f33305004495a9","hash":"323bad8914fa86ae12e9529644608cb32c306979"}
,"C:\\Users\\user\\Desktop\\Hacktiv8\\Phase3\\W3\\Kitchef\\kitchef-server\\services\\app\\models\\category.js": {"path":"C:\\Users\\user\\Desktop\\Hacktiv8\\Phase3\\W3\\Kitchef\\kitchef-server\\services\\app\\models\\category.js","statementMap":{"0":{"start":{"line":2,"column":18},"end":{"line":2,"column":38}},"1":{"start":{"line":3,"column":0},"end":{"line":29,"column":2}},"2":{"start":{"line":12,"column":6},"end":{"line":12,"column":36}},"3":{"start":{"line":15,"column":2},"end":{"line":27,"column":4}},"4":{"start":{"line":28,"column":2},"end":{"line":28,"column":18}}},"fnMap":{"0":{"name":"(anonymous_0)","decl":{"start":{"line":3,"column":17},"end":{"line":3,"column":18}},"loc":{"start":{"line":3,"column":43},"end":{"line":29,"column":1}},"line":3},"1":{"name":"(anonymous_1)","decl":{"start":{"line":10,"column":4},"end":{"line":10,"column":5}},"loc":{"start":{"line":10,"column":29},"end":{"line":13,"column":5}},"line":10}},"branchMap":{},"s":{"0":1,"1":1,"2":1,"3":1,"4":1},"f":{"0":1,"1":1},"b":{},"_coverageSchema":"1a1c01bbd47fc00a2c39e90264f33305004495a9","hash":"f7f5a4e97a9e4f1c566adb8172915f6b6ae2ce4b"}
,"C:\\Users\\user\\Desktop\\Hacktiv8\\Phase3\\W3\\Kitchef\\kitchef-server\\services\\app\\models\\dish.js": {"path":"C:\\Users\\user\\Desktop\\Hacktiv8\\Phase3\\W3\\Kitchef\\kitchef-server\\services\\app\\models\\dish.js","statementMap":{"0":{"start":{"line":2,"column":18},"end":{"line":2,"column":38}},"1":{"start":{"line":3,"column":0},"end":{"line":33,"column":2}},"2":{"start":{"line":12,"column":6},"end":{"line":12,"column":74}},"3":{"start":{"line":13,"column":6},"end":{"line":13,"column":37}},"4":{"start":{"line":16,"column":2},"end":{"line":31,"column":4}},"5":{"start":{"line":32,"column":2},"end":{"line":32,"column":14}}},"fnMap":{"0":{"name":"(anonymous_0)","decl":{"start":{"line":3,"column":17},"end":{"line":3,"column":18}},"loc":{"start":{"line":3,"column":43},"end":{"line":33,"column":1}},"line":3},"1":{"name":"(anonymous_1)","decl":{"start":{"line":10,"column":4},"end":{"line":10,"column":5}},"loc":{"start":{"line":10,"column":29},"end":{"line":14,"column":5}},"line":10}},"branchMap":{},"s":{"0":1,"1":1,"2":1,"3":1,"4":1,"5":1},"f":{"0":1,"1":1},"b":{},"_coverageSchema":"1a1c01bbd47fc00a2c39e90264f33305004495a9","hash":"efa6070d59dc088bb12af9636e9a46f380d04ba6"}
,"C:\\Users\\user\\Desktop\\Hacktiv8\\Phase3\\W3\\Kitchef\\kitchef-server\\services\\app\\models\\index.js": {"path":"C:\\Users\\user\\Desktop\\Hacktiv8\\Phase3\\W3\\Kitchef\\kitchef-server\\services\\app\\models\\index.js","statementMap":{"0":{"start":{"line":3,"column":11},"end":{"line":3,"column":24}},"1":{"start":{"line":4,"column":13},"end":{"line":4,"column":28}},"2":{"start":{"line":5,"column":18},"end":{"line":5,"column":38}},"3":{"start":{"line":6,"column":16},"end":{"line":6,"column":34}},"4":{"start":{"line":7,"column":17},"end":{"line":7,"column":42}},"5":{"start":{"line":8,"column":12},"end":{"line":8,"column":49}},"6":{"start":{"line":9,"column":15},"end":{"line":9,"column":65}},"7":{"start":{"line":10,"column":11},"end":{"line":10,"column":13}},"8":{"start":{"line":13,"column":0},"end":{"line":17,"column":1}},"9":{"start":{"line":14,"column":2},"end":{"line":14,"column":74}},"10":{"start":{"line":16,"column":2},"end":{"line":16,"column":87}},"11":{"start":{"line":19,"column":0},"end":{"line":27,"column":5}},"12":{"start":{"line":22,"column":4},"end":{"line":22,"column":90}},"13":{"start":{"line":25,"column":18},"end":{"line":25,"column":85}},"14":{"start":{"line":26,"column":4},"end":{"line":26,"column":27}},"15":{"start":{"line":29,"column":0},"end":{"line":33,"column":3}},"16":{"start":{"line":30,"column":2},"end":{"line":32,"column":3}},"17":{"start":{"line":31,"column":4},"end":{"line":31,"column":32}},"18":{"start":{"line":35,"column":0},"end":{"line":35,"column":25}},"19":{"start":{"line":36,"column":0},"end":{"line":36,"column":25}},"20":{"start":{"line":38,"column":0},"end":{"line":38,"column":20}}},"fnMap":{"0":{"name":"(anonymous_0)","decl":{"start":{"line":21,"column":10},"end":{"line":21,"column":11}},"loc":{"start":{"line":21,"column":18},"end":{"line":23,"column":3}},"line":21},"1":{"name":"(anonymous_1)","decl":{"start":{"line":24,"column":11},"end":{"line":24,"column":12}},"loc":{"start":{"line":24,"column":19},"end":{"line":27,"column":3}},"line":24},"2":{"name":"(anonymous_2)","decl":{"start":{"line":29,"column":24},"end":{"line":29,"column":25}},"loc":{"start":{"line":29,"column":37},"end":{"line":33,"column":1}},"line":29}},"branchMap":{"0":{"loc":{"start":{"line":8,"column":12},"end":{"line":8,"column":49}},"type":"binary-expr","locations":[{"start":{"line":8,"column":12},"end":{"line":8,"column":32}},{"start":{"line":8,"column":36},"end":{"line":8,"column":49}}],"line":8},"1":{"loc":{"start":{"line":13,"column":0},"end":{"line":17,"column":1}},"type":"if","locations":[{"start":{"line":13,"column":0},"end":{"line":17,"column":1}},{"start":{"line":15,"column":7},"end":{"line":17,"column":1}}],"line":13},"2":{"loc":{"start":{"line":22,"column":11},"end":{"line":22,"column":89}},"type":"binary-expr","locations":[{"start":{"line":22,"column":12},"end":{"line":22,"column":35}},{"start":{"line":22,"column":41},"end":{"line":22,"column":58}},{"start":{"line":22,"column":64},"end":{"line":22,"column":88}}],"line":22},"3":{"loc":{"start":{"line":30,"column":2},"end":{"line":32,"column":3}},"type":"if","locations":[{"start":{"line":30,"column":2},"end":{"line":32,"column":3}},{"start":{},"end":{}}],"line":30}},"s":{"0":1,"1":1,"2":1,"3":1,"4":1,"5":1,"6":1,"7":1,"8":1,"9":0,"10":1,"11":1,"12":5,"13":4,"14":4,"15":1,"16":4,"17":4,"18":1,"19":1,"20":1},"f":{"0":5,"1":4,"2":4},"b":{"0":[1,0],"1":[0,1],"2":[5,5,4],"3":[4,0]},"_coverageSchema":"1a1c01bbd47fc00a2c39e90264f33305004495a9","hash":"7995ee3b338f3b3e0f8baec2c7a00333832ff162"}
,"C:\\Users\\user\\Desktop\\Hacktiv8\\Phase3\\W3\\Kitchef\\kitchef-server\\services\\app\\models\\product.js": {"path":"C:\\Users\\user\\Desktop\\Hacktiv8\\Phase3\\W3\\Kitchef\\kitchef-server\\services\\app\\models\\product.js","statementMap":{"0":{"start":{"line":2,"column":18},"end":{"line":2,"column":38}},"1":{"start":{"line":3,"column":0},"end":{"line":30,"column":2}},"2":{"start":{"line":12,"column":6},"end":{"line":12,"column":74}},"3":{"start":{"line":15,"column":2},"end":{"line":28,"column":4}},"4":{"start":{"line":29,"column":2},"end":{"line":29,"column":17}}},"fnMap":{"0":{"name":"(anonymous_0)","decl":{"start":{"line":3,"column":17},"end":{"line":3,"column":18}},"loc":{"start":{"line":3,"column":43},"end":{"line":30,"column":1}},"line":3},"1":{"name":"(anonymous_1)","decl":{"start":{"line":10,"column":4},"end":{"line":10,"column":5}},"loc":{"start":{"line":10,"column":29},"end":{"line":13,"column":5}},"line":10}},"branchMap":{},"s":{"0":1,"1":1,"2":1,"3":1,"4":1},"f":{"0":1,"1":1},"b":{},"_coverageSchema":"1a1c01bbd47fc00a2c39e90264f33305004495a9","hash":"b703919895c138109ebf56d73247c5b8bb041922"}
,"C:\\Users\\user\\Desktop\\Hacktiv8\\Phase3\\W3\\Kitchef\\kitchef-server\\services\\app\\models\\productdish.js": {"path":"C:\\Users\\user\\Desktop\\Hacktiv8\\Phase3\\W3\\Kitchef\\kitchef-server\\services\\app\\models\\productdish.js","statementMap":{"0":{"start":{"line":4,"column":4},"end":{"line":4,"column":24}},"1":{"start":{"line":5,"column":0},"end":{"line":24,"column":2}},"2":{"start":{"line":16,"column":2},"end":{"line":22,"column":5}},"3":{"start":{"line":23,"column":2},"end":{"line":23,"column":21}}},"fnMap":{"0":{"name":"(anonymous_0)","decl":{"start":{"line":5,"column":17},"end":{"line":5,"column":18}},"loc":{"start":{"line":5,"column":43},"end":{"line":24,"column":1}},"line":5},"1":{"name":"(anonymous_1)","decl":{"start":{"line":12,"column":4},"end":{"line":12,"column":5}},"loc":{"start":{"line":12,"column":29},"end":{"line":14,"column":5}},"line":12}},"branchMap":{},"s":{"0":1,"1":1,"2":1,"3":1},"f":{"0":1,"1":1},"b":{},"_coverageSchema":"1a1c01bbd47fc00a2c39e90264f33305004495a9","hash":"4e78cc0ecd9f2bb39a112705ef550724ff1f9278"}
,"C:\\Users\\user\\Desktop\\Hacktiv8\\Phase3\\W3\\Kitchef\\kitchef-server\\services\\app\\routes\\categories.js": {"path":"C:\\Users\\user\\Desktop\\Hacktiv8\\Phase3\\W3\\Kitchef\\kitchef-server\\services\\app\\routes\\categories.js","statementMap":{"0":{"start":{"line":1,"column":15},"end":{"line":1,"column":42}},"1":{"start":{"line":2,"column":19},"end":{"line":2,"column":63}},"2":{"start":{"line":8,"column":0},"end":{"line":8,"column":40}},"3":{"start":{"line":10,"column":0},"end":{"line":10,"column":24}}},"fnMap":{},"branchMap":{},"s":{"0":1,"1":1,"2":1,"3":1},"f":{},"b":{},"_coverageSchema":"1a1c01bbd47fc00a2c39e90264f33305004495a9","hash":"5e6bb1296e558e245edfa0bf8c8f0e7e8454142f"}
,"C:\\Users\\user\\Desktop\\Hacktiv8\\Phase3\\W3\\Kitchef\\kitchef-server\\services\\app\\routes\\dishes.js": {"path":"C:\\Users\\user\\Desktop\\Hacktiv8\\Phase3\\W3\\Kitchef\\kitchef-server\\services\\app\\routes\\dishes.js","statementMap":{"0":{"start":{"line":1,"column":15},"end":{"line":1,"column":42}},"1":{"start":{"line":2,"column":19},"end":{"line":2,"column":59}},"2":{"start":{"line":8,"column":0},"end":{"line":8,"column":36}},"3":{"start":{"line":10,"column":0},"end":{"line":10,"column":45}},"4":{"start":{"line":12,"column":0},"end":{"line":12,"column":24}}},"fnMap":{},"branchMap":{},"s":{"0":1,"1":1,"2":1,"3":1,"4":1},"f":{},"b":{},"_coverageSchema":"1a1c01bbd47fc00a2c39e90264f33305004495a9","hash":"088a1547cdaa6093a1ddac05d4b8ed4de3abd8c4"}
,"C:\\Users\\user\\Desktop\\Hacktiv8\\Phase3\\W3\\Kitchef\\kitchef-server\\services\\app\\routes\\index.js": {"path":"C:\\Users\\user\\Desktop\\Hacktiv8\\Phase3\\W3\\Kitchef\\kitchef-server\\services\\app\\routes\\index.js","statementMap":{"0":{"start":{"line":1,"column":15},"end":{"line":1,"column":42}},"1":{"start":{"line":2,"column":15},"end":{"line":2,"column":46}},"2":{"start":{"line":3,"column":19},"end":{"line":3,"column":38}},"3":{"start":{"line":4,"column":23},"end":{"line":4,"column":46}},"4":{"start":{"line":5,"column":22},"end":{"line":5,"column":43}},"5":{"start":{"line":7,"column":0},"end":{"line":7,"column":34}},"6":{"start":{"line":9,"column":0},"end":{"line":9,"column":42}},"7":{"start":{"line":11,"column":0},"end":{"line":11,"column":39}},"8":{"start":{"line":13,"column":0},"end":{"line":13,"column":19}},"9":{"start":{"line":15,"column":0},"end":{"line":15,"column":24}}},"fnMap":{},"branchMap":{},"s":{"0":1,"1":1,"2":1,"3":1,"4":1,"5":1,"6":1,"7":1,"8":1,"9":1},"f":{},"b":{},"_coverageSchema":"1a1c01bbd47fc00a2c39e90264f33305004495a9","hash":"470ef3f4b1b3b53a48e2033d64ae4916f5ae605d"}
,"C:\\Users\\user\\Desktop\\Hacktiv8\\Phase3\\W3\\Kitchef\\kitchef-server\\services\\app\\routes\\products.js": {"path":"C:\\Users\\user\\Desktop\\Hacktiv8\\Phase3\\W3\\Kitchef\\kitchef-server\\services\\app\\routes\\products.js","statementMap":{"0":{"start":{"line":1,"column":15},"end":{"line":1,"column":42}},"1":{"start":{"line":2,"column":19},"end":{"line":2,"column":62}},"2":{"start":{"line":8,"column":0},"end":{"line":8,"column":39}},"3":{"start":{"line":10,"column":0},"end":{"line":10,"column":46}},"4":{"start":{"line":12,"column":0},"end":{"line":12,"column":24}}},"fnMap":{},"branchMap":{},"s":{"0":1,"1":1,"2":1,"3":1,"4":1},"f":{},"b":{},"_coverageSchema":"1a1c01bbd47fc00a2c39e90264f33305004495a9","hash":"62469ed0b49b91af84415bac1d7da68804d06736"}
}
