{"C:\\Users\\user\\Desktop\\Hacktiv8\\Phase3\\W3\\Kitchef\\kitchef-server\\services\\payments\\app.js": {"path":"C:\\Users\\user\\Desktop\\Hacktiv8\\Phase3\\W3\\Kitchef\\kitchef-server\\services\\payments\\app.js","statementMap":{"0":{"start":{"line":1,"column":0},"end":{"line":3,"column":1}},"1":{"start":{"line":2,"column":2},"end":{"line":2,"column":29}},"2":{"start":{"line":5,"column":16},"end":{"line":5,"column":34}},"3":{"start":{"line":6,"column":13},"end":{"line":6,"column":28}},"4":{"start":{"line":8,"column":12},"end":{"line":8,"column":21}},"5":{"start":{"line":9,"column":15},"end":{"line":9,"column":40}},"6":{"start":{"line":11,"column":0},"end":{"line":11,"column":16}},"7":{"start":{"line":13,"column":0},"end":{"line":13,"column":48}},"8":{"start":{"line":15,"column":0},"end":{"line":15,"column":24}},"9":{"start":{"line":17,"column":0},"end":{"line":17,"column":21}},"10":{"start":{"line":23,"column":0},"end":{"line":23,"column":21}}},"fnMap":{},"branchMap":{"0":{"loc":{"start":{"line":1,"column":0},"end":{"line":3,"column":1}},"type":"if","locations":[{"start":{"line":1,"column":0},"end":{"line":3,"column":1}},{"start":{},"end":{}}],"line":1}},"s":{"0":1,"1":1,"2":1,"3":1,"4":1,"5":1,"6":1,"7":1,"8":1,"9":1,"10":1},"f":{},"b":{"0":[1,0]},"_coverageSchema":"1a1c01bbd47fc00a2c39e90264f33305004495a9","hash":"a47a7f47d4635f2b1ad0c53c407df9b334118d7b"}
,"C:\\Users\\user\\Desktop\\Hacktiv8\\Phase3\\W3\\Kitchef\\kitchef-server\\services\\payments\\controllers\\invoiceController.js": {"path":"C:\\Users\\user\\Desktop\\Hacktiv8\\Phase3\\W3\\Kitchef\\kitchef-server\\services\\payments\\controllers\\invoiceController.js","statementMap":{"0":{"start":{"line":1,"column":41},"end":{"line":1,"column":67}},"1":{"start":{"line":4,"column":19},"end":{"line":4,"column":29}},"2":{"start":{"line":5,"column":4},"end":{"line":11,"column":5}},"3":{"start":{"line":6,"column":19},"end":{"line":6,"column":45}},"4":{"start":{"line":8,"column":6},"end":{"line":8,"column":33}},"5":{"start":{"line":10,"column":6},"end":{"line":10,"column":18}},"6":{"start":{"line":15,"column":23},"end":{"line":15,"column":33}},"7":{"start":{"line":16,"column":4},"end":{"line":29,"column":5}},"8":{"start":{"line":17,"column":20},"end":{"line":17,"column":50}},"9":{"start":{"line":19,"column":6},"end":{"line":21,"column":7}},"10":{"start":{"line":20,"column":8},"end":{"line":20,"column":41}},"11":{"start":{"line":23,"column":19},"end":{"line":23,"column":63}},"12":{"start":{"line":25,"column":6},"end":{"line":25,"column":33}},"13":{"start":{"line":27,"column":6},"end":{"line":27,"column":25}},"14":{"start":{"line":28,"column":6},"end":{"line":28,"column":18}},"15":{"start":{"line":32,"column":25},"end":{"line":32,"column":35}},"16":{"start":{"line":33,"column":4},"end":{"line":45,"column":5}},"17":{"start":{"line":34,"column":20},"end":{"line":34,"column":52}},"18":{"start":{"line":36,"column":6},"end":{"line":38,"column":7}},"19":{"start":{"line":37,"column":8},"end":{"line":37,"column":41}},"20":{"start":{"line":40,"column":19},"end":{"line":40,"column":65}},"21":{"start":{"line":41,"column":6},"end":{"line":41,"column":33}},"22":{"start":{"line":43,"column":6},"end":{"line":43,"column":25}},"23":{"start":{"line":44,"column":6},"end":{"line":44,"column":18}},"24":{"start":{"line":48,"column":4},"end":{"line":72,"column":5}},"25":{"start":{"line":49,"column":72},"end":{"line":49,"column":80}},"26":{"start":{"line":50,"column":21},"end":{"line":50,"column":28}},"27":{"start":{"line":51,"column":26},"end":{"line":51,"column":32}},"28":{"start":{"line":52,"column":22},"end":{"line":60,"column":8}},"29":{"start":{"line":61,"column":6},"end":{"line":63,"column":9}},"30":{"start":{"line":62,"column":8},"end":{"line":62,"column":34}},"31":{"start":{"line":66,"column":6},"end":{"line":66,"column":44}},"32":{"start":{"line":68,"column":6},"end":{"line":68,"column":54}},"33":{"start":{"line":71,"column":6},"end":{"line":71,"column":18}},"34":{"start":{"line":76,"column":4},"end":{"line":94,"column":5}},"35":{"start":{"line":77,"column":21},"end":{"line":77,"column":31}},"36":{"start":{"line":78,"column":6},"end":{"line":78,"column":30}},"37":{"start":{"line":79,"column":19},"end":{"line":85,"column":7}},"38":{"start":{"line":86,"column":6},"end":{"line":86,"column":24}},"39":{"start":{"line":87,"column":6},"end":{"line":89,"column":7}},"40":{"start":{"line":88,"column":8},"end":{"line":88,"column":44}},"41":{"start":{"line":91,"column":6},"end":{"line":91,"column":62}},"42":{"start":{"line":93,"column":6},"end":{"line":93,"column":18}},"43":{"start":{"line":97,"column":4},"end":{"line":114,"column":5}},"44":{"start":{"line":98,"column":21},"end":{"line":98,"column":31}},"45":{"start":{"line":100,"column":19},"end":{"line":105,"column":7}},"46":{"start":{"line":106,"column":6},"end":{"line":108,"column":7}},"47":{"start":{"line":107,"column":8},"end":{"line":107,"column":44}},"48":{"start":{"line":110,"column":6},"end":{"line":110,"column":62}},"49":{"start":{"line":112,"column":6},"end":{"line":112,"column":25}},"50":{"start":{"line":113,"column":6},"end":{"line":113,"column":18}},"51":{"start":{"line":118,"column":0},"end":{"line":118,"column":28}}},"fnMap":{"0":{"name":"(anonymous_0)","decl":{"start":{"line":3,"column":2},"end":{"line":3,"column":3}},"loc":{"start":{"line":3,"column":46},"end":{"line":12,"column":3}},"line":3},"1":{"name":"(anonymous_1)","decl":{"start":{"line":14,"column":2},"end":{"line":14,"column":3}},"loc":{"start":{"line":14,"column":50},"end":{"line":30,"column":3}},"line":14},"2":{"name":"(anonymous_2)","decl":{"start":{"line":31,"column":2},"end":{"line":31,"column":3}},"loc":{"start":{"line":31,"column":52},"end":{"line":46,"column":3}},"line":31},"3":{"name":"(anonymous_3)","decl":{"start":{"line":47,"column":2},"end":{"line":47,"column":3}},"loc":{"start":{"line":47,"column":42},"end":{"line":73,"column":3}},"line":47},"4":{"name":"(anonymous_4)","decl":{"start":{"line":61,"column":19},"end":{"line":61,"column":20}},"loc":{"start":{"line":61,"column":27},"end":{"line":63,"column":7}},"line":61},"5":{"name":"(anonymous_5)","decl":{"start":{"line":75,"column":2},"end":{"line":75,"column":3}},"loc":{"start":{"line":75,"column":51},"end":{"line":95,"column":3}},"line":75},"6":{"name":"(anonymous_6)","decl":{"start":{"line":96,"column":2},"end":{"line":96,"column":3}},"loc":{"start":{"line":96,"column":58},"end":{"line":115,"column":3}},"line":96}},"branchMap":{"0":{"loc":{"start":{"line":19,"column":6},"end":{"line":21,"column":7}},"type":"if","locations":[{"start":{"line":19,"column":6},"end":{"line":21,"column":7}},{"start":{},"end":{}}],"line":19},"1":{"loc":{"start":{"line":36,"column":6},"end":{"line":38,"column":7}},"type":"if","locations":[{"start":{"line":36,"column":6},"end":{"line":38,"column":7}},{"start":{},"end":{}}],"line":36},"2":{"loc":{"start":{"line":87,"column":6},"end":{"line":89,"column":7}},"type":"if","locations":[{"start":{"line":87,"column":6},"end":{"line":89,"column":7}},{"start":{},"end":{}}],"line":87},"3":{"loc":{"start":{"line":106,"column":6},"end":{"line":108,"column":7}},"type":"if","locations":[{"start":{"line":106,"column":6},"end":{"line":108,"column":7}},{"start":{},"end":{}}],"line":106}},"s":{"0":1,"1":0,"2":0,"3":0,"4":0,"5":0,"6":2,"7":2,"8":2,"9":2,"10":1,"11":1,"12":1,"13":1,"14":1,"15":2,"16":2,"17":2,"18":2,"19":1,"20":1,"21":1,"22":1,"23":1,"24":11,"25":11,"26":11,"27":11,"28":11,"29":1,"30":2,"31":1,"32":1,"33":10,"34":2,"35":2,"36":2,"37":2,"38":2,"39":2,"40":1,"41":1,"42":1,"43":3,"44":3,"45":3,"46":3,"47":2,"48":1,"49":2,"50":2,"51":1},"f":{"0":0,"1":2,"2":2,"3":11,"4":2,"5":2,"6":3},"b":{"0":[1,1],"1":[1,1],"2":[1,1],"3":[2,1]},"_coverageSchema":"1a1c01bbd47fc00a2c39e90264f33305004495a9","hash":"f758d4e793157b1d3603c44683517e9dac3b9074"}
,"C:\\Users\\user\\Desktop\\Hacktiv8\\Phase3\\W3\\Kitchef\\kitchef-server\\services\\payments\\controllers\\paymentController.js": {"path":"C:\\Users\\user\\Desktop\\Hacktiv8\\Phase3\\W3\\Kitchef\\kitchef-server\\services\\payments\\controllers\\paymentController.js","statementMap":{"0":{"start":{"line":1,"column":41},"end":{"line":1,"column":67}},"1":{"start":{"line":2,"column":14},"end":{"line":2,"column":30}},"2":{"start":{"line":6,"column":4},"end":{"line":43,"column":5}},"3":{"start":{"line":8,"column":31},"end":{"line":8,"column":39}},"4":{"start":{"line":11,"column":6},"end":{"line":13,"column":7}},"5":{"start":{"line":12,"column":8},"end":{"line":12,"column":46}},"6":{"start":{"line":14,"column":20},"end":{"line":22,"column":8}},"7":{"start":{"line":25,"column":6},"end":{"line":25,"column":27}},"8":{"start":{"line":26,"column":23},"end":{"line":37,"column":7}},"9":{"start":{"line":38,"column":6},"end":{"line":38,"column":24}},"10":{"start":{"line":39,"column":6},"end":{"line":39,"column":33}},"11":{"start":{"line":41,"column":6},"end":{"line":41,"column":23}},"12":{"start":{"line":42,"column":6},"end":{"line":42,"column":16}},"13":{"start":{"line":47,"column":0},"end":{"line":47,"column":28}}},"fnMap":{"0":{"name":"(anonymous_0)","decl":{"start":{"line":5,"column":2},"end":{"line":5,"column":3}},"loc":{"start":{"line":5,"column":39},"end":{"line":44,"column":3}},"line":5}},"branchMap":{"0":{"loc":{"start":{"line":11,"column":6},"end":{"line":13,"column":7}},"type":"if","locations":[{"start":{"line":11,"column":6},"end":{"line":13,"column":7}},{"start":{},"end":{}}],"line":11},"1":{"loc":{"start":{"line":11,"column":10},"end":{"line":11,"column":45}},"type":"binary-expr","locations":[{"start":{"line":11,"column":10},"end":{"line":11,"column":28}},{"start":{"line":11,"column":32},"end":{"line":11,"column":45}}],"line":11}},"s":{"0":1,"1":1,"2":2,"3":2,"4":2,"5":1,"6":1,"7":1,"8":1,"9":1,"10":1,"11":1,"12":1,"13":1},"f":{"0":2},"b":{"0":[1,1],"1":[2,1]},"_coverageSchema":"1a1c01bbd47fc00a2c39e90264f33305004495a9","hash":"ca7792b6c4865fff29c98c7ed74a8df241122aa3"}
,"C:\\Users\\user\\Desktop\\Hacktiv8\\Phase3\\W3\\Kitchef\\kitchef-server\\services\\payments\\middlewares\\error.js": {"path":"C:\\Users\\user\\Desktop\\Hacktiv8\\Phase3\\W3\\Kitchef\\kitchef-server\\services\\payments\\middlewares\\error.js","statementMap":{"0":{"start":{"line":3,"column":13},"end":{"line":3,"column":23}},"1":{"start":{"line":6,"column":2},"end":{"line":24,"column":3}},"2":{"start":{"line":8,"column":6},"end":{"line":8,"column":17}},"3":{"start":{"line":9,"column":6},"end":{"line":9,"column":40}},"4":{"start":{"line":10,"column":6},"end":{"line":10,"column":12}},"5":{"start":{"line":13,"column":6},"end":{"line":13,"column":17}},"6":{"start":{"line":14,"column":6},"end":{"line":14,"column":34}},"7":{"start":{"line":15,"column":6},"end":{"line":15,"column":12}},"8":{"start":{"line":17,"column":6},"end":{"line":17,"column":17}},"9":{"start":{"line":18,"column":6},"end":{"line":18,"column":36}},"10":{"start":{"line":19,"column":6},"end":{"line":19,"column":12}},"11":{"start":{"line":21,"column":6},"end":{"line":21,"column":17}},"12":{"start":{"line":22,"column":6},"end":{"line":22,"column":33}},"13":{"start":{"line":23,"column":6},"end":{"line":23,"column":12}},"14":{"start":{"line":25,"column":2},"end":{"line":25,"column":37}},"15":{"start":{"line":28,"column":0},"end":{"line":28,"column":24}}},"fnMap":{"0":{"name":"errors","decl":{"start":{"line":1,"column":15},"end":{"line":1,"column":21}},"loc":{"start":{"line":1,"column":45},"end":{"line":26,"column":1}},"line":1}},"branchMap":{"0":{"loc":{"start":{"line":6,"column":2},"end":{"line":24,"column":3}},"type":"switch","locations":[{"start":{"line":7,"column":4},"end":{"line":10,"column":12}},{"start":{"line":12,"column":4},"end":{"line":15,"column":12}},{"start":{"line":16,"column":4},"end":{"line":19,"column":12}},{"start":{"line":20,"column":4},"end":{"line":23,"column":12}}],"line":6}},"s":{"0":16,"1":16,"2":10,"3":10,"4":10,"5":1,"6":1,"7":1,"8":3,"9":3,"10":3,"11":2,"12":2,"13":2,"14":16,"15":1},"f":{"0":16},"b":{"0":[10,1,3,2]},"_coverageSchema":"1a1c01bbd47fc00a2c39e90264f33305004495a9","hash":"65e4b0bef0e0e62a5f83eca090f8022f7e3dba0d"}
,"C:\\Users\\user\\Desktop\\Hacktiv8\\Phase3\\W3\\Kitchef\\kitchef-server\\services\\payments\\models\\index.js": {"path":"C:\\Users\\user\\Desktop\\Hacktiv8\\Phase3\\W3\\Kitchef\\kitchef-server\\services\\payments\\models\\index.js","statementMap":{"0":{"start":{"line":3,"column":11},"end":{"line":3,"column":24}},"1":{"start":{"line":4,"column":13},"end":{"line":4,"column":28}},"2":{"start":{"line":5,"column":18},"end":{"line":5,"column":38}},"3":{"start":{"line":6,"column":16},"end":{"line":6,"column":34}},"4":{"start":{"line":7,"column":17},"end":{"line":7,"column":42}},"5":{"start":{"line":8,"column":12},"end":{"line":8,"column":49}},"6":{"start":{"line":9,"column":15},"end":{"line":9,"column":65}},"7":{"start":{"line":10,"column":11},"end":{"line":10,"column":13}},"8":{"start":{"line":13,"column":0},"end":{"line":22,"column":1}},"9":{"start":{"line":14,"column":2},"end":{"line":14,"column":74}},"10":{"start":{"line":16,"column":2},"end":{"line":21,"column":4}},"11":{"start":{"line":24,"column":0},"end":{"line":36,"column":5}},"12":{"start":{"line":26,"column":4},"end":{"line":28,"column":6}},"13":{"start":{"line":31,"column":18},"end":{"line":34,"column":5}},"14":{"start":{"line":35,"column":4},"end":{"line":35,"column":27}},"15":{"start":{"line":38,"column":0},"end":{"line":42,"column":3}},"16":{"start":{"line":39,"column":2},"end":{"line":41,"column":3}},"17":{"start":{"line":40,"column":4},"end":{"line":40,"column":32}},"18":{"start":{"line":44,"column":0},"end":{"line":44,"column":25}},"19":{"start":{"line":45,"column":0},"end":{"line":45,"column":25}},"20":{"start":{"line":47,"column":0},"end":{"line":47,"column":20}}},"fnMap":{"0":{"name":"(anonymous_0)","decl":{"start":{"line":25,"column":10},"end":{"line":25,"column":11}},"loc":{"start":{"line":25,"column":20},"end":{"line":29,"column":3}},"line":25},"1":{"name":"(anonymous_1)","decl":{"start":{"line":30,"column":11},"end":{"line":30,"column":12}},"loc":{"start":{"line":30,"column":21},"end":{"line":36,"column":3}},"line":30},"2":{"name":"(anonymous_2)","decl":{"start":{"line":38,"column":24},"end":{"line":38,"column":25}},"loc":{"start":{"line":38,"column":39},"end":{"line":42,"column":1}},"line":38}},"branchMap":{"0":{"loc":{"start":{"line":8,"column":12},"end":{"line":8,"column":49}},"type":"binary-expr","locations":[{"start":{"line":8,"column":12},"end":{"line":8,"column":32}},{"start":{"line":8,"column":36},"end":{"line":8,"column":49}}],"line":8},"1":{"loc":{"start":{"line":13,"column":0},"end":{"line":22,"column":1}},"type":"if","locations":[{"start":{"line":13,"column":0},"end":{"line":22,"column":1}},{"start":{"line":15,"column":7},"end":{"line":22,"column":1}}],"line":13},"2":{"loc":{"start":{"line":27,"column":6},"end":{"line":27,"column":78}},"type":"binary-expr","locations":[{"start":{"line":27,"column":6},"end":{"line":27,"column":29}},{"start":{"line":27,"column":33},"end":{"line":27,"column":50}},{"start":{"line":27,"column":54},"end":{"line":27,"column":78}}],"line":27},"3":{"loc":{"start":{"line":39,"column":2},"end":{"line":41,"column":3}},"type":"if","locations":[{"start":{"line":39,"column":2},"end":{"line":41,"column":3}},{"start":{},"end":{}}],"line":39}},"s":{"0":1,"1":1,"2":1,"3":1,"4":1,"5":1,"6":1,"7":1,"8":1,"9":0,"10":1,"11":1,"12":3,"13":2,"14":2,"15":1,"16":2,"17":2,"18":1,"19":1,"20":1},"f":{"0":3,"1":2,"2":2},"b":{"0":[1,0],"1":[0,1],"2":[3,3,2],"3":[2,0]},"_coverageSchema":"1a1c01bbd47fc00a2c39e90264f33305004495a9","hash":"b5271ad254c9c8efe4912f9f0b4147825013a970"}
,"C:\\Users\\user\\Desktop\\Hacktiv8\\Phase3\\W3\\Kitchef\\kitchef-server\\services\\payments\\models\\invoice.js": {"path":"C:\\Users\\user\\Desktop\\Hacktiv8\\Phase3\\W3\\Kitchef\\kitchef-server\\services\\payments\\models\\invoice.js","statementMap":{"0":{"start":{"line":2,"column":18},"end":{"line":2,"column":38}},"1":{"start":{"line":3,"column":0},"end":{"line":79,"column":2}},"2":{"start":{"line":14,"column":2},"end":{"line":77,"column":4}},"3":{"start":{"line":78,"column":2},"end":{"line":78,"column":17}}},"fnMap":{"0":{"name":"(anonymous_0)","decl":{"start":{"line":3,"column":17},"end":{"line":3,"column":18}},"loc":{"start":{"line":3,"column":43},"end":{"line":79,"column":1}},"line":3},"1":{"name":"(anonymous_1)","decl":{"start":{"line":10,"column":4},"end":{"line":10,"column":5}},"loc":{"start":{"line":10,"column":29},"end":{"line":12,"column":5}},"line":10}},"branchMap":{},"s":{"0":1,"1":1,"2":1,"3":1},"f":{"0":1,"1":1},"b":{},"_coverageSchema":"1a1c01bbd47fc00a2c39e90264f33305004495a9","hash":"2ee2823f1542364bcd73f634e01913bdd43e8e02"}
,"C:\\Users\\user\\Desktop\\Hacktiv8\\Phase3\\W3\\Kitchef\\kitchef-server\\services\\payments\\models\\invoiceproduct.js": {"path":"C:\\Users\\user\\Desktop\\Hacktiv8\\Phase3\\W3\\Kitchef\\kitchef-server\\services\\payments\\models\\invoiceproduct.js","statementMap":{"0":{"start":{"line":2,"column":18},"end":{"line":2,"column":38}},"1":{"start":{"line":3,"column":0},"end":{"line":26,"column":2}},"2":{"start":{"line":14,"column":2},"end":{"line":24,"column":4}},"3":{"start":{"line":25,"column":2},"end":{"line":25,"column":24}}},"fnMap":{"0":{"name":"(anonymous_0)","decl":{"start":{"line":3,"column":17},"end":{"line":3,"column":18}},"loc":{"start":{"line":3,"column":43},"end":{"line":26,"column":1}},"line":3},"1":{"name":"(anonymous_1)","decl":{"start":{"line":10,"column":4},"end":{"line":10,"column":5}},"loc":{"start":{"line":10,"column":29},"end":{"line":12,"column":5}},"line":10}},"branchMap":{},"s":{"0":1,"1":1,"2":1,"3":1},"f":{"0":1,"1":1},"b":{},"_coverageSchema":"1a1c01bbd47fc00a2c39e90264f33305004495a9","hash":"4996eda13ab5f66fde8801af8a5d66ce5bc14608"}
,"C:\\Users\\user\\Desktop\\Hacktiv8\\Phase3\\W3\\Kitchef\\kitchef-server\\services\\payments\\routes\\index.js": {"path":"C:\\Users\\user\\Desktop\\Hacktiv8\\Phase3\\W3\\Kitchef\\kitchef-server\\services\\payments\\routes\\index.js","statementMap":{"0":{"start":{"line":1,"column":15},"end":{"line":1,"column":42}},"1":{"start":{"line":2,"column":15},"end":{"line":2,"column":46}},"2":{"start":{"line":3,"column":22},"end":{"line":3,"column":43}},"3":{"start":{"line":4,"column":22},"end":{"line":4,"column":42}},"4":{"start":{"line":6,"column":0},"end":{"line":6,"column":39}},"5":{"start":{"line":7,"column":0},"end":{"line":7,"column":39}},"6":{"start":{"line":9,"column":0},"end":{"line":9,"column":19}},"7":{"start":{"line":11,"column":0},"end":{"line":11,"column":24}}},"fnMap":{},"branchMap":{},"s":{"0":1,"1":1,"2":1,"3":1,"4":1,"5":1,"6":1,"7":1},"f":{},"b":{},"_coverageSchema":"1a1c01bbd47fc00a2c39e90264f33305004495a9","hash":"eae943fdbfa0bb6806d22cb6df100d5b8a56b997"}
,"C:\\Users\\user\\Desktop\\Hacktiv8\\Phase3\\W3\\Kitchef\\kitchef-server\\services\\payments\\routes\\invoices.js": {"path":"C:\\Users\\user\\Desktop\\Hacktiv8\\Phase3\\W3\\Kitchef\\kitchef-server\\services\\payments\\routes\\invoices.js","statementMap":{"0":{"start":{"line":1,"column":15},"end":{"line":1,"column":42}},"1":{"start":{"line":2,"column":19},"end":{"line":2,"column":62}},"2":{"start":{"line":8,"column":0},"end":{"line":8,"column":40}},"3":{"start":{"line":9,"column":0},"end":{"line":9,"column":62}},"4":{"start":{"line":10,"column":0},"end":{"line":10,"column":82}},"5":{"start":{"line":12,"column":0},"end":{"line":12,"column":54}},"6":{"start":{"line":14,"column":0},"end":{"line":14,"column":60}},"7":{"start":{"line":16,"column":0},"end":{"line":16,"column":66}},"8":{"start":{"line":18,"column":0},"end":{"line":18,"column":24}}},"fnMap":{},"branchMap":{},"s":{"0":1,"1":1,"2":1,"3":1,"4":1,"5":1,"6":1,"7":1,"8":1},"f":{},"b":{},"_coverageSchema":"1a1c01bbd47fc00a2c39e90264f33305004495a9","hash":"a1b35bb1dbef380d863fbf1ec5ed56c9e3392af1"}
,"C:\\Users\\user\\Desktop\\Hacktiv8\\Phase3\\W3\\Kitchef\\kitchef-server\\services\\payments\\routes\\payment.js": {"path":"C:\\Users\\user\\Desktop\\Hacktiv8\\Phase3\\W3\\Kitchef\\kitchef-server\\services\\payments\\routes\\payment.js","statementMap":{"0":{"start":{"line":1,"column":15},"end":{"line":1,"column":42}},"1":{"start":{"line":2,"column":19},"end":{"line":2,"column":62}},"2":{"start":{"line":5,"column":0},"end":{"line":5,"column":37}},"3":{"start":{"line":7,"column":0},"end":{"line":7,"column":24}}},"fnMap":{},"branchMap":{},"s":{"0":1,"1":1,"2":1,"3":1},"f":{},"b":{},"_coverageSchema":"1a1c01bbd47fc00a2c39e90264f33305004495a9","hash":"127d527afc0372a0fc5e8aae72548a7698ff3d0c"}
}
