TN:
SF:app.js
FNF:0
FNH:0
DA:1,1
DA:2,1
DA:5,1
DA:6,1
DA:8,1
DA:9,1
DA:11,1
DA:13,1
DA:15,1
DA:17,1
DA:23,1
LF:11
LH:11
BRDA:1,0,0,1
BRDA:1,0,1,0
BRF:2
BRH:1
end_of_record
TN:
SF:controllers\invoiceController.js
FN:3,(anonymous_0)
FN:20,(anonymous_1)
FN:36,(anonymous_2)
FN:51,(anonymous_3)
FN:65,(anonymous_4)
FN:86,(anonymous_5)
FNF:6
FNH:6
FNDA:2,(anonymous_0)
FNDA:2,(anonymous_1)
FNDA:11,(anonymous_2)
FNDA:2,(anonymous_3)
FNDA:2,(anonymous_4)
FNDA:3,(anonymous_5)
DA:1,1
DA:4,2
DA:5,2
DA:6,2
DA:8,2
DA:9,1
DA:12,1
DA:14,1
DA:16,1
DA:17,1
DA:21,2
DA:22,2
DA:23,2
DA:25,2
DA:26,1
DA:29,1
DA:30,1
DA:32,1
DA:33,1
DA:37,11
DA:39,11
DA:40,11
DA:41,11
DA:42,11
DA:51,1
DA:52,2
DA:56,1
DA:58,1
DA:61,10
DA:66,2
DA:67,2
DA:68,2
DA:69,2
DA:76,2
DA:77,2
DA:78,1
DA:81,1
DA:83,1
DA:87,3
DA:88,3
DA:90,3
DA:96,3
DA:97,2
DA:100,1
DA:102,2
DA:103,2
DA:108,1
LF:47
LH:47
BRDA:8,0,0,1
BRDA:8,0,1,1
BRDA:25,1,0,1
BRDA:25,1,1,1
BRDA:77,2,0,1
BRDA:77,2,1,1
BRDA:96,3,0,2
BRDA:96,3,1,1
BRF:8
BRH:8
end_of_record
TN:
SF:controllers\paymentController.js
FN:5,(anonymous_0)
FNF:1
FNH:1
FNDA:2,(anonymous_0)
DA:1,1
DA:2,1
DA:6,2
DA:8,2
DA:11,2
DA:12,1
DA:14,1
DA:25,1
DA:26,1
DA:38,1
DA:39,1
DA:41,1
DA:42,1
DA:47,1
LF:14
LH:14
BRDA:11,0,0,1
BRDA:11,0,1,1
BRDA:11,1,0,2
BRDA:11,1,1,1
BRF:4
BRH:4
end_of_record
TN:
SF:middlewares\error.js
FN:1,errors
FNF:1
FNH:1
FNDA:16,errors
DA:3,16
DA:6,16
DA:8,10
DA:9,10
DA:10,10
DA:13,1
DA:14,1
DA:15,1
DA:17,3
DA:18,3
DA:19,3
DA:21,2
DA:22,2
DA:23,2
DA:25,16
DA:28,1
LF:16
LH:16
BRDA:6,0,0,10
BRDA:6,0,1,1
BRDA:6,0,2,3
BRDA:6,0,3,2
BRF:4
BRH:4
end_of_record
TN:
SF:models\index.js
FN:25,(anonymous_0)
FN:30,(anonymous_1)
FN:38,(anonymous_2)
FNF:3
FNH:3
FNDA:3,(anonymous_0)
FNDA:2,(anonymous_1)
FNDA:2,(anonymous_2)
DA:3,1
DA:4,1
DA:5,1
DA:6,1
DA:7,1
DA:8,1
DA:9,1
DA:10,1
DA:13,1
DA:14,0
DA:16,1
DA:24,1
DA:26,3
DA:31,2
DA:35,2
DA:38,1
DA:39,2
DA:40,2
DA:44,1
DA:45,1
DA:47,1
LF:21
LH:20
BRDA:8,0,0,1
BRDA:8,0,1,0
BRDA:13,1,0,0
BRDA:13,1,1,1
BRDA:27,2,0,3
BRDA:27,2,1,3
BRDA:27,2,2,2
BRDA:39,3,0,2
BRDA:39,3,1,0
BRF:9
BRH:6
end_of_record
TN:
SF:models\invoice.js
FN:3,(anonymous_0)
FN:10,(anonymous_1)
FNF:2
FNH:2
FNDA:1,(anonymous_0)
FNDA:1,(anonymous_1)
DA:2,1
DA:3,1
DA:14,1
DA:78,1
LF:4
LH:4
BRF:0
BRH:0
end_of_record
TN:
SF:models\invoiceproduct.js
FN:3,(anonymous_0)
FN:10,(anonymous_1)
FNF:2
FNH:2
FNDA:1,(anonymous_0)
FNDA:1,(anonymous_1)
DA:2,1
DA:3,1
DA:14,1
DA:25,1
LF:4
LH:4
BRF:0
BRH:0
end_of_record
TN:
SF:routes\index.js
FNF:0
FNH:0
DA:1,1
DA:2,1
DA:3,1
DA:4,1
DA:6,1
DA:7,1
DA:9,1
DA:11,1
LF:8
LH:8
BRF:0
BRH:0
end_of_record
TN:
SF:routes\invoices.js
FNF:0
FNH:0
DA:1,1
DA:2,1
DA:8,1
DA:9,1
DA:10,1
DA:12,1
DA:14,1
DA:16,1
LF:8
LH:8
BRF:0
BRH:0
end_of_record
TN:
SF:routes\payment.js
FNF:0
FNH:0
DA:1,1
DA:2,1
DA:5,1
DA:7,1
LF:4
LH:4
BRF:0
BRH:0
end_of_record
