{"C:\\Users\\user\\Desktop\\Hacktiv8\\Phase3\\W3\\Kitchef\\kitchef-server\\services\\users\\app.js": {"path":"C:\\Users\\user\\Desktop\\Hacktiv8\\Phase3\\W3\\Kitchef\\kitchef-server\\services\\users\\app.js","statementMap":{"0":{"start":{"line":1,"column":0},"end":{"line":3,"column":1}},"1":{"start":{"line":2,"column":2},"end":{"line":2,"column":29}},"2":{"start":{"line":5,"column":16},"end":{"line":5,"column":34}},"3":{"start":{"line":6,"column":13},"end":{"line":6,"column":28}},"4":{"start":{"line":7,"column":12},"end":{"line":7,"column":21}},"5":{"start":{"line":8,"column":15},"end":{"line":8,"column":40}},"6":{"start":{"line":10,"column":0},"end":{"line":10,"column":16}},"7":{"start":{"line":12,"column":0},"end":{"line":12,"column":48}},"8":{"start":{"line":14,"column":0},"end":{"line":14,"column":24}},"9":{"start":{"line":16,"column":0},"end":{"line":16,"column":21}},"10":{"start":{"line":18,"column":0},"end":{"line":18,"column":21}}},"fnMap":{},"branchMap":{"0":{"loc":{"start":{"line":1,"column":0},"end":{"line":3,"column":1}},"type":"if","locations":[{"start":{"line":1,"column":0},"end":{"line":3,"column":1}},{"start":{},"end":{}}],"line":1}},"s":{"0":1,"1":1,"2":1,"3":1,"4":1,"5":1,"6":1,"7":1,"8":1,"9":1,"10":1},"f":{},"b":{"0":[1,0]},"_coverageSchema":"1a1c01bbd47fc00a2c39e90264f33305004495a9","hash":"09a2f5ca7b6443fcee281cd323f70ee1e1838e98"}
,"C:\\Users\\user\\Desktop\\Hacktiv8\\Phase3\\W3\\Kitchef\\kitchef-server\\services\\users\\controllers\\driverController.js": {"path":"C:\\Users\\user\\Desktop\\Hacktiv8\\Phase3\\W3\\Kitchef\\kitchef-server\\services\\users\\controllers\\driverController.js","statementMap":{"0":{"start":{"line":1,"column":36},"end":{"line":1,"column":62}},"1":{"start":{"line":2,"column":29},"end":{"line":2,"column":57}},"2":{"start":{"line":3,"column":24},"end":{"line":3,"column":49}},"3":{"start":{"line":7,"column":32},"end":{"line":7,"column":40}},"4":{"start":{"line":8,"column":4},"end":{"line":8,"column":33}},"5":{"start":{"line":9,"column":4},"end":{"line":52,"column":5}},"6":{"start":{"line":10,"column":6},"end":{"line":10,"column":37}},"7":{"start":{"line":11,"column":6},"end":{"line":13,"column":7}},"8":{"start":{"line":12,"column":8},"end":{"line":12,"column":44}},"9":{"start":{"line":14,"column":26},"end":{"line":18,"column":8}},"10":{"start":{"line":22,"column":6},"end":{"line":24,"column":7}},"11":{"start":{"line":23,"column":8},"end":{"line":23,"column":46}},"12":{"start":{"line":26,"column":30},"end":{"line":26,"column":78}},"13":{"start":{"line":32,"column":6},"end":{"line":34,"column":7}},"14":{"start":{"line":33,"column":8},"end":{"line":33,"column":46}},"15":{"start":{"line":36,"column":22},"end":{"line":38,"column":7}},"16":{"start":{"line":40,"column":20},"end":{"line":40,"column":40}},"17":{"start":{"line":42,"column":6},"end":{"line":48,"column":9}},"18":{"start":{"line":50,"column":6},"end":{"line":50,"column":25}},"19":{"start":{"line":51,"column":6},"end":{"line":51,"column":18}},"20":{"start":{"line":56,"column":103},"end":{"line":56,"column":111}},"21":{"start":{"line":57,"column":4},"end":{"line":75,"column":5}},"22":{"start":{"line":58,"column":6},"end":{"line":58,"column":105}},"23":{"start":{"line":58,"column":72},"end":{"line":58,"column":105}},"24":{"start":{"line":59,"column":28},"end":{"line":67,"column":8}},"25":{"start":{"line":68,"column":6},"end":{"line":71,"column":9}},"26":{"start":{"line":73,"column":6},"end":{"line":73,"column":25}},"27":{"start":{"line":74,"column":6},"end":{"line":74,"column":18}},"28":{"start":{"line":79,"column":19},"end":{"line":79,"column":29}},"29":{"start":{"line":80,"column":4},"end":{"line":88,"column":5}},"30":{"start":{"line":81,"column":21},"end":{"line":81,"column":46}},"31":{"start":{"line":83,"column":6},"end":{"line":83,"column":72}},"32":{"start":{"line":83,"column":19},"end":{"line":83,"column":72}},"33":{"start":{"line":85,"column":6},"end":{"line":85,"column":35}},"34":{"start":{"line":87,"column":6},"end":{"line":87,"column":18}},"35":{"start":{"line":92,"column":0},"end":{"line":92,"column":28}}},"fnMap":{"0":{"name":"(anonymous_0)","decl":{"start":{"line":6,"column":2},"end":{"line":6,"column":3}},"loc":{"start":{"line":6,"column":43},"end":{"line":53,"column":3}},"line":6},"1":{"name":"(anonymous_1)","decl":{"start":{"line":55,"column":2},"end":{"line":55,"column":3}},"loc":{"start":{"line":55,"column":46},"end":{"line":76,"column":3}},"line":55},"2":{"name":"(anonymous_2)","decl":{"start":{"line":78,"column":2},"end":{"line":78,"column":3}},"loc":{"start":{"line":78,"column":46},"end":{"line":89,"column":3}},"line":78}},"branchMap":{"0":{"loc":{"start":{"line":11,"column":6},"end":{"line":13,"column":7}},"type":"if","locations":[{"start":{"line":11,"column":6},"end":{"line":13,"column":7}},{"start":{},"end":{}}],"line":11},"1":{"loc":{"start":{"line":11,"column":10},"end":{"line":11,"column":29}},"type":"binary-expr","locations":[{"start":{"line":11,"column":10},"end":{"line":11,"column":16}},{"start":{"line":11,"column":20},"end":{"line":11,"column":29}}],"line":11},"2":{"loc":{"start":{"line":22,"column":6},"end":{"line":24,"column":7}},"type":"if","locations":[{"start":{"line":22,"column":6},"end":{"line":24,"column":7}},{"start":{},"end":{}}],"line":22},"3":{"loc":{"start":{"line":32,"column":6},"end":{"line":34,"column":7}},"type":"if","locations":[{"start":{"line":32,"column":6},"end":{"line":34,"column":7}},{"start":{},"end":{}}],"line":32},"4":{"loc":{"start":{"line":56,"column":71},"end":{"line":56,"column":84}},"type":"default-arg","locations":[{"start":{"line":56,"column":83},"end":{"line":56,"column":84}}],"line":56},"5":{"loc":{"start":{"line":56,"column":86},"end":{"line":56,"column":98}},"type":"default-arg","locations":[{"start":{"line":56,"column":97},"end":{"line":56,"column":98}}],"line":56},"6":{"loc":{"start":{"line":58,"column":6},"end":{"line":58,"column":105}},"type":"if","locations":[{"start":{"line":58,"column":6},"end":{"line":58,"column":105}},{"start":{},"end":{}}],"line":58},"7":{"loc":{"start":{"line":58,"column":10},"end":{"line":58,"column":70}},"type":"binary-expr","locations":[{"start":{"line":58,"column":10},"end":{"line":58,"column":25}},{"start":{"line":58,"column":29},"end":{"line":58,"column":43}},{"start":{"line":58,"column":47},"end":{"line":58,"column":57}},{"start":{"line":58,"column":61},"end":{"line":58,"column":70}}],"line":58},"8":{"loc":{"start":{"line":83,"column":6},"end":{"line":83,"column":72}},"type":"if","locations":[{"start":{"line":83,"column":6},"end":{"line":83,"column":72}},{"start":{},"end":{}}],"line":83}},"s":{"0":1,"1":1,"2":1,"3":4,"4":4,"5":4,"6":4,"7":4,"8":1,"9":3,"10":3,"11":1,"12":2,"13":2,"14":1,"15":1,"16":1,"17":1,"18":3,"19":3,"20":7,"21":7,"22":7,"23":1,"24":6,"25":1,"26":6,"27":6,"28":2,"29":2,"30":2,"31":2,"32":1,"33":1,"34":1,"35":1},"f":{"0":4,"1":7,"2":2},"b":{"0":[1,3],"1":[4,4],"2":[1,2],"3":[1,1],"4":[0],"5":[0],"6":[1,6],"7":[7,7,7,6],"8":[1,1]},"_coverageSchema":"1a1c01bbd47fc00a2c39e90264f33305004495a9","hash":"f265a881b7cb0f2828a1f9030a6d04999e514a71"}
,"C:\\Users\\user\\Desktop\\Hacktiv8\\Phase3\\W3\\Kitchef\\kitchef-server\\services\\users\\controllers\\logsController.js": {"path":"C:\\Users\\user\\Desktop\\Hacktiv8\\Phase3\\W3\\Kitchef\\kitchef-server\\services\\users\\controllers\\logsController.js","statementMap":{"0":{"start":{"line":1,"column":16},"end":{"line":1,"column":42}},"1":{"start":{"line":5,"column":44},"end":{"line":5,"column":52}},"2":{"start":{"line":6,"column":4},"end":{"line":12,"column":5}},"3":{"start":{"line":7,"column":19},"end":{"line":7,"column":68}},"4":{"start":{"line":9,"column":6},"end":{"line":9,"column":99}},"5":{"start":{"line":11,"column":6},"end":{"line":11,"column":18}},"6":{"start":{"line":16,"column":23},"end":{"line":16,"column":33}},"7":{"start":{"line":17,"column":4},"end":{"line":23,"column":5}},"8":{"start":{"line":18,"column":19},"end":{"line":18,"column":59}},"9":{"start":{"line":20,"column":6},"end":{"line":20,"column":32}},"10":{"start":{"line":22,"column":6},"end":{"line":22,"column":18}},"11":{"start":{"line":27,"column":0},"end":{"line":27,"column":28}}},"fnMap":{"0":{"name":"(anonymous_0)","decl":{"start":{"line":4,"column":2},"end":{"line":4,"column":3}},"loc":{"start":{"line":4,"column":41},"end":{"line":13,"column":3}},"line":4},"1":{"name":"(anonymous_1)","decl":{"start":{"line":15,"column":2},"end":{"line":15,"column":3}},"loc":{"start":{"line":15,"column":39},"end":{"line":24,"column":3}},"line":15}},"branchMap":{},"s":{"0":1,"1":0,"2":0,"3":0,"4":0,"5":0,"6":0,"7":0,"8":0,"9":0,"10":0,"11":1},"f":{"0":0,"1":0},"b":{},"_coverageSchema":"1a1c01bbd47fc00a2c39e90264f33305004495a9","hash":"7d2fbcdd207c13fd2effbbe5a2b163986793b79a"}
,"C:\\Users\\user\\Desktop\\Hacktiv8\\Phase3\\W3\\Kitchef\\kitchef-server\\services\\users\\controllers\\userController.js": {"path":"C:\\Users\\user\\Desktop\\Hacktiv8\\Phase3\\W3\\Kitchef\\kitchef-server\\services\\users\\controllers\\userController.js","statementMap":{"0":{"start":{"line":1,"column":36},"end":{"line":1,"column":62}},"1":{"start":{"line":2,"column":29},"end":{"line":2,"column":57}},"2":{"start":{"line":3,"column":24},"end":{"line":3,"column":49}},"3":{"start":{"line":7,"column":32},"end":{"line":7,"column":40}},"4":{"start":{"line":8,"column":4},"end":{"line":50,"column":5}},"5":{"start":{"line":9,"column":6},"end":{"line":11,"column":7}},"6":{"start":{"line":10,"column":8},"end":{"line":10,"column":44}},"7":{"start":{"line":12,"column":24},"end":{"line":16,"column":8}},"8":{"start":{"line":20,"column":6},"end":{"line":22,"column":7}},"9":{"start":{"line":21,"column":8},"end":{"line":21,"column":46}},"10":{"start":{"line":24,"column":30},"end":{"line":24,"column":76}},"11":{"start":{"line":30,"column":6},"end":{"line":32,"column":7}},"12":{"start":{"line":31,"column":8},"end":{"line":31,"column":46}},"13":{"start":{"line":34,"column":22},"end":{"line":36,"column":7}},"14":{"start":{"line":38,"column":20},"end":{"line":38,"column":40}},"15":{"start":{"line":40,"column":6},"end":{"line":46,"column":9}},"16":{"start":{"line":48,"column":6},"end":{"line":48,"column":25}},"17":{"start":{"line":49,"column":6},"end":{"line":49,"column":18}},"18":{"start":{"line":54,"column":103},"end":{"line":54,"column":111}},"19":{"start":{"line":55,"column":15},"end":{"line":55,"column":21}},"20":{"start":{"line":56,"column":4},"end":{"line":75,"column":5}},"21":{"start":{"line":57,"column":6},"end":{"line":57,"column":105}},"22":{"start":{"line":57,"column":72},"end":{"line":57,"column":105}},"23":{"start":{"line":58,"column":26},"end":{"line":67,"column":8}},"24":{"start":{"line":68,"column":6},"end":{"line":71,"column":9}},"25":{"start":{"line":73,"column":6},"end":{"line":73,"column":25}},"26":{"start":{"line":74,"column":6},"end":{"line":74,"column":18}},"27":{"start":{"line":79,"column":19},"end":{"line":79,"column":29}},"28":{"start":{"line":80,"column":4},"end":{"line":88,"column":5}},"29":{"start":{"line":81,"column":19},"end":{"line":81,"column":42}},"30":{"start":{"line":83,"column":6},"end":{"line":83,"column":68}},"31":{"start":{"line":83,"column":17},"end":{"line":83,"column":68}},"32":{"start":{"line":85,"column":6},"end":{"line":85,"column":33}},"33":{"start":{"line":87,"column":6},"end":{"line":87,"column":18}},"34":{"start":{"line":92,"column":0},"end":{"line":92,"column":28}}},"fnMap":{"0":{"name":"(anonymous_0)","decl":{"start":{"line":6,"column":2},"end":{"line":6,"column":3}},"loc":{"start":{"line":6,"column":41},"end":{"line":51,"column":3}},"line":6},"1":{"name":"(anonymous_1)","decl":{"start":{"line":53,"column":2},"end":{"line":53,"column":3}},"loc":{"start":{"line":53,"column":44},"end":{"line":76,"column":3}},"line":53},"2":{"name":"(anonymous_2)","decl":{"start":{"line":78,"column":2},"end":{"line":78,"column":3}},"loc":{"start":{"line":78,"column":44},"end":{"line":89,"column":3}},"line":78}},"branchMap":{"0":{"loc":{"start":{"line":9,"column":6},"end":{"line":11,"column":7}},"type":"if","locations":[{"start":{"line":9,"column":6},"end":{"line":11,"column":7}},{"start":{},"end":{}}],"line":9},"1":{"loc":{"start":{"line":9,"column":10},"end":{"line":9,"column":29}},"type":"binary-expr","locations":[{"start":{"line":9,"column":10},"end":{"line":9,"column":16}},{"start":{"line":9,"column":20},"end":{"line":9,"column":29}}],"line":9},"2":{"loc":{"start":{"line":20,"column":6},"end":{"line":22,"column":7}},"type":"if","locations":[{"start":{"line":20,"column":6},"end":{"line":22,"column":7}},{"start":{},"end":{}}],"line":20},"3":{"loc":{"start":{"line":30,"column":6},"end":{"line":32,"column":7}},"type":"if","locations":[{"start":{"line":30,"column":6},"end":{"line":32,"column":7}},{"start":{},"end":{}}],"line":30},"4":{"loc":{"start":{"line":54,"column":71},"end":{"line":54,"column":84}},"type":"default-arg","locations":[{"start":{"line":54,"column":83},"end":{"line":54,"column":84}}],"line":54},"5":{"loc":{"start":{"line":54,"column":86},"end":{"line":54,"column":98}},"type":"default-arg","locations":[{"start":{"line":54,"column":97},"end":{"line":54,"column":98}}],"line":54},"6":{"loc":{"start":{"line":57,"column":6},"end":{"line":57,"column":105}},"type":"if","locations":[{"start":{"line":57,"column":6},"end":{"line":57,"column":105}},{"start":{},"end":{}}],"line":57},"7":{"loc":{"start":{"line":57,"column":10},"end":{"line":57,"column":70}},"type":"binary-expr","locations":[{"start":{"line":57,"column":10},"end":{"line":57,"column":25}},{"start":{"line":57,"column":29},"end":{"line":57,"column":43}},{"start":{"line":57,"column":47},"end":{"line":57,"column":57}},{"start":{"line":57,"column":61},"end":{"line":57,"column":70}}],"line":57},"8":{"loc":{"start":{"line":83,"column":6},"end":{"line":83,"column":68}},"type":"if","locations":[{"start":{"line":83,"column":6},"end":{"line":83,"column":68}},{"start":{},"end":{}}],"line":83}},"s":{"0":1,"1":1,"2":1,"3":4,"4":4,"5":4,"6":1,"7":3,"8":3,"9":1,"10":2,"11":2,"12":1,"13":1,"14":1,"15":1,"16":3,"17":3,"18":7,"19":7,"20":7,"21":7,"22":1,"23":6,"24":1,"25":6,"26":6,"27":2,"28":2,"29":2,"30":2,"31":1,"32":1,"33":1,"34":1},"f":{"0":4,"1":7,"2":2},"b":{"0":[1,3],"1":[4,4],"2":[1,2],"3":[1,1],"4":[0],"5":[0],"6":[1,6],"7":[7,7,7,6],"8":[1,1]},"_coverageSchema":"1a1c01bbd47fc00a2c39e90264f33305004495a9","hash":"d948d427a5394064bff81ef58c122edc965906be"}
,"C:\\Users\\user\\Desktop\\Hacktiv8\\Phase3\\W3\\Kitchef\\kitchef-server\\services\\users\\helpers\\bcrypt.js": {"path":"C:\\Users\\user\\Desktop\\Hacktiv8\\Phase3\\W3\\Kitchef\\kitchef-server\\services\\users\\helpers\\bcrypt.js","statementMap":{"0":{"start":{"line":1,"column":15},"end":{"line":1,"column":32}},"1":{"start":{"line":2,"column":13},"end":{"line":2,"column":35}},"2":{"start":{"line":4,"column":21},"end":{"line":4,"column":66}},"3":{"start":{"line":4,"column":35},"end":{"line":4,"column":66}},"4":{"start":{"line":5,"column":25},"end":{"line":5,"column":99}},"5":{"start":{"line":5,"column":55},"end":{"line":5,"column":99}},"6":{"start":{"line":7,"column":0},"end":{"line":7,"column":52}}},"fnMap":{"0":{"name":"(anonymous_0)","decl":{"start":{"line":4,"column":21},"end":{"line":4,"column":22}},"loc":{"start":{"line":4,"column":35},"end":{"line":4,"column":66}},"line":4},"1":{"name":"(anonymous_1)","decl":{"start":{"line":5,"column":25},"end":{"line":5,"column":26}},"loc":{"start":{"line":5,"column":55},"end":{"line":5,"column":99}},"line":5}},"branchMap":{},"s":{"0":1,"1":1,"2":1,"3":4,"4":1,"5":4,"6":1},"f":{"0":4,"1":4},"b":{},"_coverageSchema":"1a1c01bbd47fc00a2c39e90264f33305004495a9","hash":"058ba52dd0927f0817163bc5578b6066edc9622f"}
,"C:\\Users\\user\\Desktop\\Hacktiv8\\Phase3\\W3\\Kitchef\\kitchef-server\\services\\users\\helpers\\jwt.js": {"path":"C:\\Users\\user\\Desktop\\Hacktiv8\\Phase3\\W3\\Kitchef\\kitchef-server\\services\\users\\helpers\\jwt.js","statementMap":{"0":{"start":{"line":1,"column":12},"end":{"line":1,"column":35}},"1":{"start":{"line":3,"column":20},"end":{"line":3,"column":70}},"2":{"start":{"line":3,"column":33},"end":{"line":3,"column":70}},"3":{"start":{"line":4,"column":20},"end":{"line":4,"column":68}},"4":{"start":{"line":4,"column":31},"end":{"line":4,"column":68}},"5":{"start":{"line":6,"column":0},"end":{"line":6,"column":46}}},"fnMap":{"0":{"name":"(anonymous_0)","decl":{"start":{"line":3,"column":20},"end":{"line":3,"column":21}},"loc":{"start":{"line":3,"column":33},"end":{"line":3,"column":70}},"line":3},"1":{"name":"(anonymous_1)","decl":{"start":{"line":4,"column":20},"end":{"line":4,"column":21}},"loc":{"start":{"line":4,"column":31},"end":{"line":4,"column":68}},"line":4}},"branchMap":{},"s":{"0":1,"1":1,"2":2,"3":1,"4":0,"5":1},"f":{"0":2,"1":0},"b":{},"_coverageSchema":"1a1c01bbd47fc00a2c39e90264f33305004495a9","hash":"c9e8cf6002cf63f5a3cf9e71344a4bed6567d364"}
,"C:\\Users\\user\\Desktop\\Hacktiv8\\Phase3\\W3\\Kitchef\\kitchef-server\\services\\users\\middlewares\\error.js": {"path":"C:\\Users\\user\\Desktop\\Hacktiv8\\Phase3\\W3\\Kitchef\\kitchef-server\\services\\users\\middlewares\\error.js","statementMap":{"0":{"start":{"line":3,"column":13},"end":{"line":3,"column":23}},"1":{"start":{"line":6,"column":2},"end":{"line":32,"column":3}},"2":{"start":{"line":8,"column":6},"end":{"line":8,"column":17}},"3":{"start":{"line":9,"column":6},"end":{"line":9,"column":40}},"4":{"start":{"line":10,"column":6},"end":{"line":10,"column":12}},"5":{"start":{"line":13,"column":6},"end":{"line":13,"column":17}},"6":{"start":{"line":14,"column":6},"end":{"line":14,"column":40}},"7":{"start":{"line":15,"column":6},"end":{"line":15,"column":12}},"8":{"start":{"line":17,"column":6},"end":{"line":17,"column":17}},"9":{"start":{"line":18,"column":6},"end":{"line":18,"column":62}},"10":{"start":{"line":19,"column":6},"end":{"line":19,"column":12}},"11":{"start":{"line":21,"column":6},"end":{"line":21,"column":17}},"12":{"start":{"line":22,"column":6},"end":{"line":22,"column":73}},"13":{"start":{"line":23,"column":6},"end":{"line":23,"column":12}},"14":{"start":{"line":25,"column":6},"end":{"line":25,"column":17}},"15":{"start":{"line":26,"column":6},"end":{"line":26,"column":65}},"16":{"start":{"line":27,"column":6},"end":{"line":27,"column":12}},"17":{"start":{"line":29,"column":6},"end":{"line":29,"column":17}},"18":{"start":{"line":30,"column":6},"end":{"line":30,"column":47}},"19":{"start":{"line":31,"column":6},"end":{"line":31,"column":12}},"20":{"start":{"line":33,"column":2},"end":{"line":33,"column":37}},"21":{"start":{"line":36,"column":0},"end":{"line":36,"column":24}}},"fnMap":{"0":{"name":"errors","decl":{"start":{"line":1,"column":15},"end":{"line":1,"column":21}},"loc":{"start":{"line":1,"column":45},"end":{"line":34,"column":1}},"line":1}},"branchMap":{"0":{"loc":{"start":{"line":6,"column":2},"end":{"line":32,"column":3}},"type":"switch","locations":[{"start":{"line":7,"column":4},"end":{"line":10,"column":12}},{"start":{"line":12,"column":4},"end":{"line":15,"column":12}},{"start":{"line":16,"column":4},"end":{"line":19,"column":12}},{"start":{"line":20,"column":4},"end":{"line":23,"column":12}},{"start":{"line":24,"column":4},"end":{"line":27,"column":12}},{"start":{"line":28,"column":4},"end":{"line":31,"column":12}}],"line":6}},"s":{"0":20,"1":20,"2":8,"3":8,"4":8,"5":2,"6":2,"7":2,"8":2,"9":2,"10":2,"11":2,"12":2,"13":2,"14":2,"15":2,"16":2,"17":4,"18":4,"19":4,"20":20,"21":1},"f":{"0":20},"b":{"0":[8,2,2,2,2,4]},"_coverageSchema":"1a1c01bbd47fc00a2c39e90264f33305004495a9","hash":"43aa135c3bdbec120351401acd30e6f3e9dadfe5"}
,"C:\\Users\\user\\Desktop\\Hacktiv8\\Phase3\\W3\\Kitchef\\kitchef-server\\services\\users\\models\\categoryuser.js": {"path":"C:\\Users\\user\\Desktop\\Hacktiv8\\Phase3\\W3\\Kitchef\\kitchef-server\\services\\users\\models\\categoryuser.js","statementMap":{"0":{"start":{"line":4,"column":4},"end":{"line":4,"column":24}},"1":{"start":{"line":5,"column":0},"end":{"line":24,"column":2}},"2":{"start":{"line":16,"column":2},"end":{"line":22,"column":5}},"3":{"start":{"line":23,"column":2},"end":{"line":23,"column":22}}},"fnMap":{"0":{"name":"(anonymous_0)","decl":{"start":{"line":5,"column":17},"end":{"line":5,"column":18}},"loc":{"start":{"line":5,"column":43},"end":{"line":24,"column":1}},"line":5},"1":{"name":"(anonymous_1)","decl":{"start":{"line":12,"column":4},"end":{"line":12,"column":5}},"loc":{"start":{"line":12,"column":29},"end":{"line":14,"column":5}},"line":12}},"branchMap":{},"s":{"0":1,"1":1,"2":1,"3":1},"f":{"0":1,"1":1},"b":{},"_coverageSchema":"1a1c01bbd47fc00a2c39e90264f33305004495a9","hash":"1e73ee93da3b2927b79df959268254a5c40e7fa7"}
,"C:\\Users\\user\\Desktop\\Hacktiv8\\Phase3\\W3\\Kitchef\\kitchef-server\\services\\users\\models\\driver.js": {"path":"C:\\Users\\user\\Desktop\\Hacktiv8\\Phase3\\W3\\Kitchef\\kitchef-server\\services\\users\\models\\driver.js","statementMap":{"0":{"start":{"line":2,"column":18},"end":{"line":2,"column":38}},"1":{"start":{"line":3,"column":25},"end":{"line":3,"column":53}},"2":{"start":{"line":4,"column":0},"end":{"line":86,"column":2}},"3":{"start":{"line":15,"column":2},"end":{"line":80,"column":4}},"4":{"start":{"line":81,"column":2},"end":{"line":83,"column":5}},"5":{"start":{"line":82,"column":4},"end":{"line":82,"column":52}},"6":{"start":{"line":85,"column":2},"end":{"line":85,"column":16}}},"fnMap":{"0":{"name":"(anonymous_0)","decl":{"start":{"line":4,"column":17},"end":{"line":4,"column":18}},"loc":{"start":{"line":4,"column":43},"end":{"line":86,"column":1}},"line":4},"1":{"name":"(anonymous_1)","decl":{"start":{"line":11,"column":4},"end":{"line":11,"column":5}},"loc":{"start":{"line":11,"column":29},"end":{"line":13,"column":5}},"line":11},"2":{"name":"(anonymous_2)","decl":{"start":{"line":81,"column":22},"end":{"line":81,"column":23}},"loc":{"start":{"line":81,"column":43},"end":{"line":83,"column":3}},"line":81}},"branchMap":{},"s":{"0":1,"1":1,"2":1,"3":1,"4":1,"5":2,"6":1},"f":{"0":1,"1":1,"2":2},"b":{},"_coverageSchema":"1a1c01bbd47fc00a2c39e90264f33305004495a9","hash":"94575e4eb55d991ac3cb1a8959c786792fd77784"}
,"C:\\Users\\user\\Desktop\\Hacktiv8\\Phase3\\W3\\Kitchef\\kitchef-server\\services\\users\\models\\index.js": {"path":"C:\\Users\\user\\Desktop\\Hacktiv8\\Phase3\\W3\\Kitchef\\kitchef-server\\services\\users\\models\\index.js","statementMap":{"0":{"start":{"line":3,"column":11},"end":{"line":3,"column":24}},"1":{"start":{"line":4,"column":13},"end":{"line":4,"column":28}},"2":{"start":{"line":5,"column":18},"end":{"line":5,"column":38}},"3":{"start":{"line":6,"column":16},"end":{"line":6,"column":34}},"4":{"start":{"line":7,"column":17},"end":{"line":7,"column":42}},"5":{"start":{"line":8,"column":12},"end":{"line":8,"column":49}},"6":{"start":{"line":9,"column":15},"end":{"line":9,"column":65}},"7":{"start":{"line":10,"column":11},"end":{"line":10,"column":13}},"8":{"start":{"line":13,"column":0},"end":{"line":17,"column":1}},"9":{"start":{"line":14,"column":2},"end":{"line":14,"column":74}},"10":{"start":{"line":16,"column":2},"end":{"line":16,"column":87}},"11":{"start":{"line":19,"column":0},"end":{"line":27,"column":5}},"12":{"start":{"line":22,"column":4},"end":{"line":22,"column":90}},"13":{"start":{"line":25,"column":18},"end":{"line":25,"column":85}},"14":{"start":{"line":26,"column":4},"end":{"line":26,"column":27}},"15":{"start":{"line":29,"column":0},"end":{"line":33,"column":3}},"16":{"start":{"line":30,"column":2},"end":{"line":32,"column":3}},"17":{"start":{"line":31,"column":4},"end":{"line":31,"column":32}},"18":{"start":{"line":35,"column":0},"end":{"line":35,"column":25}},"19":{"start":{"line":36,"column":0},"end":{"line":36,"column":25}},"20":{"start":{"line":38,"column":0},"end":{"line":38,"column":20}}},"fnMap":{"0":{"name":"(anonymous_0)","decl":{"start":{"line":21,"column":10},"end":{"line":21,"column":11}},"loc":{"start":{"line":21,"column":18},"end":{"line":23,"column":3}},"line":21},"1":{"name":"(anonymous_1)","decl":{"start":{"line":24,"column":11},"end":{"line":24,"column":12}},"loc":{"start":{"line":24,"column":19},"end":{"line":27,"column":3}},"line":24},"2":{"name":"(anonymous_2)","decl":{"start":{"line":29,"column":24},"end":{"line":29,"column":25}},"loc":{"start":{"line":29,"column":37},"end":{"line":33,"column":1}},"line":29}},"branchMap":{"0":{"loc":{"start":{"line":8,"column":12},"end":{"line":8,"column":49}},"type":"binary-expr","locations":[{"start":{"line":8,"column":12},"end":{"line":8,"column":32}},{"start":{"line":8,"column":36},"end":{"line":8,"column":49}}],"line":8},"1":{"loc":{"start":{"line":13,"column":0},"end":{"line":17,"column":1}},"type":"if","locations":[{"start":{"line":13,"column":0},"end":{"line":17,"column":1}},{"start":{"line":15,"column":7},"end":{"line":17,"column":1}}],"line":13},"2":{"loc":{"start":{"line":22,"column":11},"end":{"line":22,"column":89}},"type":"binary-expr","locations":[{"start":{"line":22,"column":12},"end":{"line":22,"column":35}},{"start":{"line":22,"column":41},"end":{"line":22,"column":58}},{"start":{"line":22,"column":64},"end":{"line":22,"column":88}}],"line":22},"3":{"loc":{"start":{"line":30,"column":2},"end":{"line":32,"column":3}},"type":"if","locations":[{"start":{"line":30,"column":2},"end":{"line":32,"column":3}},{"start":{},"end":{}}],"line":30}},"s":{"0":1,"1":1,"2":1,"3":1,"4":1,"5":1,"6":1,"7":1,"8":1,"9":0,"10":1,"11":1,"12":5,"13":4,"14":4,"15":1,"16":4,"17":4,"18":1,"19":1,"20":1},"f":{"0":5,"1":4,"2":4},"b":{"0":[1,0],"1":[0,1],"2":[5,5,4],"3":[4,0]},"_coverageSchema":"1a1c01bbd47fc00a2c39e90264f33305004495a9","hash":"4cc9603f92a6c38250bb7053ef2db3d1059a572b"}
,"C:\\Users\\user\\Desktop\\Hacktiv8\\Phase3\\W3\\Kitchef\\kitchef-server\\services\\users\\models\\log.js": {"path":"C:\\Users\\user\\Desktop\\Hacktiv8\\Phase3\\W3\\Kitchef\\kitchef-server\\services\\users\\models\\log.js","statementMap":{"0":{"start":{"line":2,"column":18},"end":{"line":2,"column":38}},"1":{"start":{"line":3,"column":0},"end":{"line":39,"column":2}},"2":{"start":{"line":14,"column":2},"end":{"line":37,"column":4}},"3":{"start":{"line":38,"column":2},"end":{"line":38,"column":13}}},"fnMap":{"0":{"name":"(anonymous_0)","decl":{"start":{"line":3,"column":17},"end":{"line":3,"column":18}},"loc":{"start":{"line":3,"column":43},"end":{"line":39,"column":1}},"line":3},"1":{"name":"(anonymous_1)","decl":{"start":{"line":10,"column":4},"end":{"line":10,"column":5}},"loc":{"start":{"line":10,"column":29},"end":{"line":12,"column":5}},"line":10}},"branchMap":{},"s":{"0":1,"1":1,"2":1,"3":1},"f":{"0":1,"1":1},"b":{},"_coverageSchema":"1a1c01bbd47fc00a2c39e90264f33305004495a9","hash":"45f6429d92cd15b07922088129f86e1efb75043d"}
,"C:\\Users\\user\\Desktop\\Hacktiv8\\Phase3\\W3\\Kitchef\\kitchef-server\\services\\users\\models\\user.js": {"path":"C:\\Users\\user\\Desktop\\Hacktiv8\\Phase3\\W3\\Kitchef\\kitchef-server\\services\\users\\models\\user.js","statementMap":{"0":{"start":{"line":2,"column":18},"end":{"line":2,"column":38}},"1":{"start":{"line":3,"column":25},"end":{"line":3,"column":53}},"2":{"start":{"line":4,"column":0},"end":{"line":94,"column":2}},"3":{"start":{"line":15,"column":2},"end":{"line":88,"column":4}},"4":{"start":{"line":89,"column":2},"end":{"line":91,"column":5}},"5":{"start":{"line":90,"column":4},"end":{"line":90,"column":48}},"6":{"start":{"line":93,"column":2},"end":{"line":93,"column":14}}},"fnMap":{"0":{"name":"(anonymous_0)","decl":{"start":{"line":4,"column":17},"end":{"line":4,"column":18}},"loc":{"start":{"line":4,"column":43},"end":{"line":94,"column":1}},"line":4},"1":{"name":"(anonymous_1)","decl":{"start":{"line":11,"column":4},"end":{"line":11,"column":5}},"loc":{"start":{"line":11,"column":29},"end":{"line":13,"column":5}},"line":11},"2":{"name":"(anonymous_2)","decl":{"start":{"line":89,"column":20},"end":{"line":89,"column":21}},"loc":{"start":{"line":89,"column":39},"end":{"line":91,"column":3}},"line":89}},"branchMap":{},"s":{"0":1,"1":1,"2":1,"3":1,"4":1,"5":2,"6":1},"f":{"0":1,"1":1,"2":2},"b":{},"_coverageSchema":"1a1c01bbd47fc00a2c39e90264f33305004495a9","hash":"df9891a66cc7966f167b1a8efce078ef4c2a8b5d"}
,"C:\\Users\\user\\Desktop\\Hacktiv8\\Phase3\\W3\\Kitchef\\kitchef-server\\services\\users\\routes\\driver.js": {"path":"C:\\Users\\user\\Desktop\\Hacktiv8\\Phase3\\W3\\Kitchef\\kitchef-server\\services\\users\\routes\\driver.js","statementMap":{"0":{"start":{"line":1,"column":15},"end":{"line":1,"column":42}},"1":{"start":{"line":2,"column":19},"end":{"line":2,"column":61}},"2":{"start":{"line":8,"column":0},"end":{"line":8,"column":52}},"3":{"start":{"line":10,"column":0},"end":{"line":10,"column":46}},"4":{"start":{"line":12,"column":0},"end":{"line":12,"column":46}},"5":{"start":{"line":14,"column":0},"end":{"line":14,"column":24}}},"fnMap":{},"branchMap":{},"s":{"0":1,"1":1,"2":1,"3":1,"4":1,"5":1},"f":{},"b":{},"_coverageSchema":"1a1c01bbd47fc00a2c39e90264f33305004495a9","hash":"d32367e22d5bfa82038fb18d0dc1765cf97e72d0"}
,"C:\\Users\\user\\Desktop\\Hacktiv8\\Phase3\\W3\\Kitchef\\kitchef-server\\services\\users\\routes\\index.js": {"path":"C:\\Users\\user\\Desktop\\Hacktiv8\\Phase3\\W3\\Kitchef\\kitchef-server\\services\\users\\routes\\index.js","statementMap":{"0":{"start":{"line":1,"column":15},"end":{"line":1,"column":42}},"1":{"start":{"line":2,"column":15},"end":{"line":2,"column":46}},"2":{"start":{"line":3,"column":19},"end":{"line":3,"column":37}},"3":{"start":{"line":4,"column":21},"end":{"line":4,"column":40}},"4":{"start":{"line":5,"column":18},"end":{"line":5,"column":35}},"5":{"start":{"line":7,"column":0},"end":{"line":7,"column":33}},"6":{"start":{"line":9,"column":0},"end":{"line":9,"column":37}},"7":{"start":{"line":11,"column":0},"end":{"line":11,"column":31}},"8":{"start":{"line":13,"column":0},"end":{"line":13,"column":19}},"9":{"start":{"line":15,"column":0},"end":{"line":15,"column":24}}},"fnMap":{},"branchMap":{},"s":{"0":1,"1":1,"2":1,"3":1,"4":1,"5":1,"6":1,"7":1,"8":1,"9":1},"f":{},"b":{},"_coverageSchema":"1a1c01bbd47fc00a2c39e90264f33305004495a9","hash":"28594b8797d41fd52a9a08cb6c3dbc5ded75ab22"}
,"C:\\Users\\user\\Desktop\\Hacktiv8\\Phase3\\W3\\Kitchef\\kitchef-server\\services\\users\\routes\\logs.js": {"path":"C:\\Users\\user\\Desktop\\Hacktiv8\\Phase3\\W3\\Kitchef\\kitchef-server\\services\\users\\routes\\logs.js","statementMap":{"0":{"start":{"line":1,"column":15},"end":{"line":1,"column":42}},"1":{"start":{"line":2,"column":19},"end":{"line":2,"column":59}},"2":{"start":{"line":4,"column":0},"end":{"line":4,"column":39}},"3":{"start":{"line":6,"column":0},"end":{"line":6,"column":43}},"4":{"start":{"line":8,"column":0},"end":{"line":8,"column":24}}},"fnMap":{},"branchMap":{},"s":{"0":1,"1":1,"2":1,"3":1,"4":1},"f":{},"b":{},"_coverageSchema":"1a1c01bbd47fc00a2c39e90264f33305004495a9","hash":"296e65c1ed4fbcf97b1477fc4ce51211c8d40e0a"}
,"C:\\Users\\user\\Desktop\\Hacktiv8\\Phase3\\W3\\Kitchef\\kitchef-server\\services\\users\\routes\\users.js": {"path":"C:\\Users\\user\\Desktop\\Hacktiv8\\Phase3\\W3\\Kitchef\\kitchef-server\\services\\users\\routes\\users.js","statementMap":{"0":{"start":{"line":1,"column":15},"end":{"line":1,"column":42}},"1":{"start":{"line":2,"column":19},"end":{"line":2,"column":59}},"2":{"start":{"line":8,"column":0},"end":{"line":8,"column":50}},"3":{"start":{"line":10,"column":0},"end":{"line":10,"column":44}},"4":{"start":{"line":12,"column":0},"end":{"line":12,"column":44}},"5":{"start":{"line":14,"column":0},"end":{"line":14,"column":24}}},"fnMap":{},"branchMap":{},"s":{"0":1,"1":1,"2":1,"3":1,"4":1,"5":1},"f":{},"b":{},"_coverageSchema":"1a1c01bbd47fc00a2c39e90264f33305004495a9","hash":"f1e7f3036acebe7de63bf55f302e61c84d9ad05b"}
}
