TN:
SF:app.js
FNF:0
FNH:0
DA:1,1
DA:2,1
DA:5,1
DA:6,1
DA:7,1
DA:8,1
DA:10,1
DA:12,1
DA:14,1
DA:16,1
DA:18,1
LF:11
LH:11
BRDA:1,0,0,1
BRDA:1,0,1,0
BRF:2
BRH:1
end_of_record
TN:
SF:controllers\driverController.js
FN:6,(anonymous_0)
FN:55,(anonymous_1)
FN:78,(anonymous_2)
FNF:3
FNH:3
FNDA:4,(anonymous_0)
FNDA:7,(anonymous_1)
FNDA:2,(anonymous_2)
DA:1,1
DA:2,1
DA:3,1
DA:7,4
DA:8,4
DA:9,4
DA:10,4
DA:11,4
DA:12,1
DA:14,3
DA:22,3
DA:23,1
DA:26,2
DA:32,2
DA:33,1
DA:36,1
DA:40,1
DA:42,1
DA:50,3
DA:51,3
DA:56,7
DA:57,7
DA:58,7
DA:59,6
DA:68,1
DA:73,6
DA:74,6
DA:79,2
DA:80,2
DA:81,2
DA:83,2
DA:85,1
DA:87,1
DA:92,1
LF:34
LH:34
BRDA:11,0,0,1
BRDA:11,0,1,3
BRDA:11,1,0,4
BRDA:11,1,1,4
BRDA:22,2,0,1
BRDA:22,2,1,2
BRDA:32,3,0,1
BRDA:32,3,1,1
BRDA:56,4,0,0
BRDA:56,5,0,0
BRDA:58,6,0,1
BRDA:58,6,1,6
BRDA:58,7,0,7
BRDA:58,7,1,7
BRDA:58,7,2,7
BRDA:58,7,3,6
BRDA:83,8,0,1
BRDA:83,8,1,1
BRF:18
BRH:16
end_of_record
TN:
SF:controllers\logsController.js
FN:4,(anonymous_0)
FN:15,(anonymous_1)
FNF:2
FNH:2
FNDA:2,(anonymous_0)
FNDA:2,(anonymous_1)
DA:1,1
DA:5,2
DA:6,2
DA:7,2
DA:9,1
DA:11,1
DA:16,2
DA:17,2
DA:18,2
DA:20,2
DA:22,1
DA:24,1
DA:29,1
LF:13
LH:13
BRDA:20,0,0,1
BRDA:20,0,1,1
BRF:2
BRH:2
end_of_record
TN:
SF:controllers\userController.js
FN:6,(anonymous_0)
FN:53,(anonymous_1)
FN:91,(anonymous_2)
FNF:3
FNH:3
FNDA:4,(anonymous_0)
FNDA:7,(anonymous_1)
FNDA:2,(anonymous_2)
DA:1,1
DA:2,1
DA:3,1
DA:7,4
DA:8,4
DA:9,4
DA:10,1
DA:12,3
DA:20,3
DA:21,1
DA:24,2
DA:30,2
DA:31,1
DA:34,1
DA:38,1
DA:40,1
DA:48,3
DA:49,3
DA:63,7
DA:64,7
DA:65,7
DA:66,7
DA:67,1
DA:68,6
DA:81,1
DA:86,6
DA:87,6
DA:92,2
DA:93,2
DA:94,2
DA:95,2
DA:97,2
DA:99,1
DA:101,1
DA:106,1
LF:35
LH:35
BRDA:9,0,0,1
BRDA:9,0,1,3
BRDA:9,1,0,4
BRDA:9,1,1,4
BRDA:20,2,0,1
BRDA:20,2,1,2
BRDA:30,3,0,1
BRDA:30,3,1,1
BRDA:61,4,0,0
BRDA:62,5,0,0
BRDA:66,6,0,1
BRDA:66,6,1,6
BRDA:66,7,0,7
BRDA:66,7,1,7
BRDA:66,7,2,7
BRDA:66,7,3,6
BRDA:97,8,0,1
BRDA:97,8,1,1
BRF:18
BRH:16
end_of_record
TN:
SF:helpers\bcrypt.js
FN:4,(anonymous_0)
FN:5,(anonymous_1)
FNF:2
FNH:2
FNDA:4,(anonymous_0)
FNDA:4,(anonymous_1)
DA:1,1
DA:2,1
DA:4,4
DA:5,4
DA:7,1
LF:5
LH:5
BRF:0
BRH:0
end_of_record
TN:
SF:helpers\jwt.js
FN:3,(anonymous_0)
FN:4,(anonymous_1)
FNF:2
FNH:1
FNDA:2,(anonymous_0)
FNDA:0,(anonymous_1)
DA:1,1
DA:3,2
DA:4,1
DA:6,1
LF:4
LH:4
BRF:0
BRH:0
end_of_record
TN:
SF:middlewares\error.js
FN:1,errors
FNF:1
FNH:1
FNDA:22,errors
DA:3,22
DA:6,22
DA:8,9
DA:9,9
DA:10,9
DA:13,2
DA:14,2
DA:15,2
DA:17,2
DA:18,2
DA:19,2
DA:21,2
DA:22,2
DA:23,2
DA:25,3
DA:26,3
DA:27,3
DA:29,4
DA:30,4
DA:31,4
DA:33,0
DA:34,0
DA:36,22
DA:39,1
LF:24
LH:22
BRDA:6,0,0,9
BRDA:6,0,1,2
BRDA:6,0,2,2
BRDA:6,0,3,2
BRDA:6,0,4,3
BRDA:6,0,5,4
BRDA:6,0,6,0
BRF:7
BRH:6
end_of_record
TN:
SF:models\categoryuser.js
FN:5,(anonymous_0)
FN:12,(anonymous_1)
FNF:2
FNH:2
FNDA:1,(anonymous_0)
FNDA:1,(anonymous_1)
DA:4,1
DA:5,1
DA:16,1
DA:23,1
LF:4
LH:4
BRF:0
BRH:0
end_of_record
TN:
SF:models\driver.js
FN:4,(anonymous_0)
FN:11,(anonymous_1)
FN:81,(anonymous_2)
FNF:3
FNH:3
FNDA:1,(anonymous_0)
FNDA:1,(anonymous_1)
FNDA:2,(anonymous_2)
DA:2,1
DA:3,1
DA:4,1
DA:15,1
DA:81,1
DA:82,2
DA:85,1
LF:7
LH:7
BRF:0
BRH:0
end_of_record
TN:
SF:models\index.js
FN:21,(anonymous_0)
FN:24,(anonymous_1)
FN:29,(anonymous_2)
FNF:3
FNH:3
FNDA:5,(anonymous_0)
FNDA:4,(anonymous_1)
FNDA:4,(anonymous_2)
DA:3,1
DA:4,1
DA:5,1
DA:6,1
DA:7,1
DA:8,1
DA:9,1
DA:10,1
DA:13,1
DA:14,0
DA:16,1
DA:19,1
DA:22,5
DA:25,4
DA:26,4
DA:29,1
DA:30,4
DA:31,4
DA:35,1
DA:36,1
DA:38,1
LF:21
LH:20
BRDA:8,0,0,1
BRDA:8,0,1,0
BRDA:13,1,0,0
BRDA:13,1,1,1
BRDA:22,2,0,5
BRDA:22,2,1,5
BRDA:22,2,2,4
BRDA:30,3,0,4
BRDA:30,3,1,0
BRF:9
BRH:6
end_of_record
TN:
SF:models\log.js
FN:3,(anonymous_0)
FN:10,(anonymous_1)
FNF:2
FNH:2
FNDA:1,(anonymous_0)
FNDA:1,(anonymous_1)
DA:2,1
DA:3,1
DA:14,1
DA:38,1
LF:4
LH:4
BRF:0
BRH:0
end_of_record
TN:
SF:models\user.js
FN:4,(anonymous_0)
FN:11,(anonymous_1)
FN:89,(anonymous_2)
FNF:3
FNH:3
FNDA:1,(anonymous_0)
FNDA:1,(anonymous_1)
FNDA:2,(anonymous_2)
DA:2,1
DA:3,1
DA:4,1
DA:15,1
DA:89,1
DA:90,2
DA:93,1
LF:7
LH:7
BRF:0
BRH:0
end_of_record
TN:
SF:routes\driver.js
FNF:0
FNH:0
DA:1,1
DA:2,1
DA:8,1
DA:10,1
DA:12,1
DA:14,1
LF:6
LH:6
BRF:0
BRH:0
end_of_record
TN:
SF:routes\index.js
FNF:0
FNH:0
DA:1,1
DA:2,1
DA:3,1
DA:4,1
DA:5,1
DA:7,1
DA:9,1
DA:11,1
DA:13,1
DA:15,1
LF:10
LH:10
BRF:0
BRH:0
end_of_record
TN:
SF:routes\logs.js
FNF:0
FNH:0
DA:1,1
DA:2,1
DA:4,1
DA:6,1
DA:8,1
LF:5
LH:5
BRF:0
BRH:0
end_of_record
TN:
SF:routes\users.js
FNF:0
FNH:0
DA:1,1
DA:2,1
DA:8,1
DA:10,1
DA:12,1
DA:14,1
LF:6
LH:6
BRF:0
BRH:0
end_of_record
