TN:
SF:app.js
FNF:0
FNH:0
DA:1,1
DA:2,1
DA:5,1
DA:6,1
DA:7,1
DA:8,1
DA:10,1
DA:12,1
DA:14,1
DA:16,1
DA:18,1
LF:11
LH:11
BRDA:1,0,0,1
BRDA:1,0,1,0
BRF:2
BRH:1
end_of_record
TN:
SF:controllers\driverController.js
FN:6,(anonymous_0)
FN:55,(anonymous_1)
FN:78,(anonymous_2)
FNF:3
FNH:3
FNDA:4,(anonymous_0)
FNDA:7,(anonymous_1)
FNDA:2,(anonymous_2)
DA:1,1
DA:2,1
DA:3,1
DA:7,4
DA:8,4
DA:9,4
DA:10,4
DA:11,4
DA:12,1
DA:14,3
DA:22,3
DA:23,1
DA:26,2
DA:32,2
DA:33,1
DA:36,1
DA:40,1
DA:42,1
DA:50,3
DA:51,3
DA:56,7
DA:57,7
DA:58,7
DA:59,6
DA:68,1
DA:73,6
DA:74,6
DA:79,2
DA:80,2
DA:81,2
DA:83,2
DA:85,1
DA:87,1
DA:92,1
LF:34
LH:34
BRDA:11,0,0,1
BRDA:11,0,1,3
BRDA:11,1,0,4
BRDA:11,1,1,4
BRDA:22,2,0,1
BRDA:22,2,1,2
BRDA:32,3,0,1
BRDA:32,3,1,1
BRDA:56,4,0,0
BRDA:56,5,0,0
BRDA:58,6,0,1
BRDA:58,6,1,6
BRDA:58,7,0,7
BRDA:58,7,1,7
BRDA:58,7,2,7
BRDA:58,7,3,6
BRDA:83,8,0,1
BRDA:83,8,1,1
BRF:18
BRH:16
end_of_record
TN:
SF:controllers\logsController.js
FN:4,(anonymous_0)
FN:15,(anonymous_1)
FNF:2
FNH:0
FNDA:0,(anonymous_0)
FNDA:0,(anonymous_1)
DA:1,1
DA:5,0
DA:6,0
DA:7,0
DA:9,0
DA:11,0
DA:16,0
DA:17,0
DA:18,0
DA:20,0
DA:22,0
DA:27,1
LF:12
LH:2
BRF:0
BRH:0
end_of_record
TN:
SF:controllers\userController.js
FN:6,(anonymous_0)
FN:53,(anonymous_1)
FN:78,(anonymous_2)
FNF:3
FNH:3
FNDA:4,(anonymous_0)
FNDA:7,(anonymous_1)
FNDA:2,(anonymous_2)
DA:1,1
DA:2,1
DA:3,1
DA:7,4
DA:8,4
DA:9,4
DA:10,1
DA:12,3
DA:20,3
DA:21,1
DA:24,2
DA:30,2
DA:31,1
DA:34,1
DA:38,1
DA:40,1
DA:48,3
DA:49,3
DA:54,7
DA:55,7
DA:56,7
DA:57,7
DA:58,6
DA:68,1
DA:73,6
DA:74,6
DA:79,2
DA:80,2
DA:81,2
DA:83,2
DA:85,1
DA:87,1
DA:92,1
LF:33
LH:33
BRDA:9,0,0,1
BRDA:9,0,1,3
BRDA:9,1,0,4
BRDA:9,1,1,4
BRDA:20,2,0,1
BRDA:20,2,1,2
BRDA:30,3,0,1
BRDA:30,3,1,1
BRDA:54,4,0,0
BRDA:54,5,0,0
BRDA:57,6,0,1
BRDA:57,6,1,6
BRDA:57,7,0,7
BRDA:57,7,1,7
BRDA:57,7,2,7
BRDA:57,7,3,6
BRDA:83,8,0,1
BRDA:83,8,1,1
BRF:18
BRH:16
end_of_record
TN:
SF:helpers\bcrypt.js
FN:4,(anonymous_0)
FN:5,(anonymous_1)
FNF:2
FNH:2
FNDA:4,(anonymous_0)
FNDA:4,(anonymous_1)
DA:1,1
DA:2,1
DA:4,4
DA:5,4
DA:7,1
LF:5
LH:5
BRF:0
BRH:0
end_of_record
TN:
SF:helpers\jwt.js
FN:3,(anonymous_0)
FN:4,(anonymous_1)
FNF:2
FNH:1
FNDA:2,(anonymous_0)
FNDA:0,(anonymous_1)
DA:1,1
DA:3,2
DA:4,1
DA:6,1
LF:4
LH:4
BRF:0
BRH:0
end_of_record
TN:
SF:middlewares\error.js
FN:1,errors
FNF:1
FNH:1
FNDA:20,errors
DA:3,20
DA:6,20
DA:8,8
DA:9,8
DA:10,8
DA:13,2
DA:14,2
DA:15,2
DA:17,2
DA:18,2
DA:19,2
DA:21,2
DA:22,2
DA:23,2
DA:25,2
DA:26,2
DA:27,2
DA:29,4
DA:30,4
DA:31,4
DA:33,20
DA:36,1
LF:22
LH:22
BRDA:6,0,0,8
BRDA:6,0,1,2
BRDA:6,0,2,2
BRDA:6,0,3,2
BRDA:6,0,4,2
BRDA:6,0,5,4
BRF:6
BRH:6
end_of_record
TN:
SF:models\categoryuser.js
FN:5,(anonymous_0)
FN:12,(anonymous_1)
FNF:2
FNH:2
FNDA:1,(anonymous_0)
FNDA:1,(anonymous_1)
DA:4,1
DA:5,1
DA:16,1
DA:23,1
LF:4
LH:4
BRF:0
BRH:0
end_of_record
TN:
SF:models\driver.js
FN:4,(anonymous_0)
FN:11,(anonymous_1)
FN:81,(anonymous_2)
FNF:3
FNH:3
FNDA:1,(anonymous_0)
FNDA:1,(anonymous_1)
FNDA:2,(anonymous_2)
DA:2,1
DA:3,1
DA:4,1
DA:15,1
DA:81,1
DA:82,2
DA:85,1
LF:7
LH:7
BRF:0
BRH:0
end_of_record
TN:
SF:models\index.js
FN:21,(anonymous_0)
FN:24,(anonymous_1)
FN:29,(anonymous_2)
FNF:3
FNH:3
FNDA:5,(anonymous_0)
FNDA:4,(anonymous_1)
FNDA:4,(anonymous_2)
DA:3,1
DA:4,1
DA:5,1
DA:6,1
DA:7,1
DA:8,1
DA:9,1
DA:10,1
DA:13,1
DA:14,0
DA:16,1
DA:19,1
DA:22,5
DA:25,4
DA:26,4
DA:29,1
DA:30,4
DA:31,4
DA:35,1
DA:36,1
DA:38,1
LF:21
LH:20
BRDA:8,0,0,1
BRDA:8,0,1,0
BRDA:13,1,0,0
BRDA:13,1,1,1
BRDA:22,2,0,5
BRDA:22,2,1,5
BRDA:22,2,2,4
BRDA:30,3,0,4
BRDA:30,3,1,0
BRF:9
BRH:6
end_of_record
TN:
SF:models\log.js
FN:3,(anonymous_0)
FN:10,(anonymous_1)
FNF:2
FNH:2
FNDA:1,(anonymous_0)
FNDA:1,(anonymous_1)
DA:2,1
DA:3,1
DA:14,1
DA:38,1
LF:4
LH:4
BRF:0
BRH:0
end_of_record
TN:
SF:models\user.js
FN:4,(anonymous_0)
FN:11,(anonymous_1)
FN:89,(anonymous_2)
FNF:3
FNH:3
FNDA:1,(anonymous_0)
FNDA:1,(anonymous_1)
FNDA:2,(anonymous_2)
DA:2,1
DA:3,1
DA:4,1
DA:15,1
DA:89,1
DA:90,2
DA:93,1
LF:7
LH:7
BRF:0
BRH:0
end_of_record
TN:
SF:routes\driver.js
FNF:0
FNH:0
DA:1,1
DA:2,1
DA:8,1
DA:10,1
DA:12,1
DA:14,1
LF:6
LH:6
BRF:0
BRH:0
end_of_record
TN:
SF:routes\index.js
FNF:0
FNH:0
DA:1,1
DA:2,1
DA:3,1
DA:4,1
DA:5,1
DA:7,1
DA:9,1
DA:11,1
DA:13,1
DA:15,1
LF:10
LH:10
BRF:0
BRH:0
end_of_record
TN:
SF:routes\logs.js
FNF:0
FNH:0
DA:1,1
DA:2,1
DA:4,1
DA:6,1
DA:8,1
LF:5
LH:5
BRF:0
BRH:0
end_of_record
TN:
SF:routes\users.js
FNF:0
FNH:0
DA:1,1
DA:2,1
DA:8,1
DA:10,1
DA:12,1
DA:14,1
LF:6
LH:6
BRF:0
BRH:0
end_of_record
